The system is: Linux - 5.10.105-1-MANJARO - x86_64
Compiling the C compiler identification source file "CMakeCCompilerId.c" succeeded.
Compiler: /usr/bin/gcc 
Build flags: 
Id flags:  

The output was:
0


Compilation of the C compiler identification source "CMakeCCompilerId.c" produced "a.out"

The C compiler identification is GNU, found in "/home/alexander/Science/libgrpp/libgrpp/gsl/CMakeFiles/3.22.3/CompilerIdC/a.out"

Detecting C compiler ABI info compiled with the following output:
Change Dir: /home/alexander/Science/libgrpp/libgrpp/gsl/CMakeFiles/CMakeTmp

Run Build Command(s):/usr/bin/make -f Makefile cmTC_a695b/fast && /usr/bin/make  -f CMakeFiles/cmTC_a695b.dir/build.make CMakeFiles/cmTC_a695b.dir/build
make[1]: Entering directory '/home/alexander/Science/libgrpp/libgrpp/gsl/CMakeFiles/CMakeTmp'
Building C object CMakeFiles/cmTC_a695b.dir/CMakeCCompilerABI.c.o
/usr/bin/gcc   -v -o CMakeFiles/cmTC_a695b.dir/CMakeCCompilerABI.c.o -c /usr/share/cmake/Modules/CMakeCCompilerABI.c
Using built-in specs.
COLLECT_GCC=/usr/bin/gcc
Target: x86_64-pc-linux-gnu
Configured with: /build/gcc/src/gcc/configure --enable-languages=c,c++,ada,fortran,go,lto,objc,obj-c++,d --enable-bootstrap --prefix=/usr --libdir=/usr/lib --libexecdir=/usr/lib --mandir=/usr/share/man --infodir=/usr/share/info --with-bugurl=https://bugs.archlinux.org/ --with-linker-hash-style=gnu --with-system-zlib --enable-__cxa_atexit --enable-cet=auto --enable-checking=release --enable-clocale=gnu --enable-default-pie --enable-default-ssp --enable-gnu-indirect-function --enable-gnu-unique-object --enable-linker-build-id --enable-lto --enable-multilib --enable-plugin --enable-shared --enable-threads=posix --disable-libssp --disable-libstdcxx-pch --disable-werror --with-build-config=bootstrap-lto --enable-link-serialization=1 gdc_include_dir=/usr/include/dlang/gdc
Thread model: posix
Supported LTO compression algorithms: zlib zstd
gcc version 11.2.0 (GCC) 
COLLECT_GCC_OPTIONS='-v' '-o' 'CMakeFiles/cmTC_a695b.dir/CMakeCCompilerABI.c.o' '-c' '-mtune=generic' '-march=x86-64' '-dumpdir' 'CMakeFiles/cmTC_a695b.dir/'
 /usr/lib/gcc/x86_64-pc-linux-gnu/11.2.0/cc1 -quiet -v /usr/share/cmake/Modules/CMakeCCompilerABI.c -quiet -dumpdir CMakeFiles/cmTC_a695b.dir/ -dumpbase CMakeCCompilerABI.c.c -dumpbase-ext .c -mtune=generic -march=x86-64 -version -o /tmp/ccOO5XI6.s
GNU C17 (GCC) version 11.2.0 (x86_64-pc-linux-gnu)
	compiled by GNU C version 11.2.0, GMP version 6.2.1, MPFR version 4.1.0-p13, MPC version 1.2.1, isl version isl-0.24-GMP

GGC heuristics: --param ggc-min-expand=100 --param ggc-min-heapsize=131072
ignoring nonexistent directory "/usr/lib/gcc/x86_64-pc-linux-gnu/11.2.0/../../../../x86_64-pc-linux-gnu/include"
#include "..." search starts here:
#include <...> search starts here:
 /opt/intel/oneapi/mkl/2021.3.0/include
 /opt/intel/oneapi/compiler/2021.3.0/linux/include
 /opt/intel/oneapi/tbb/2021.3.0/include
 /usr/lib/gcc/x86_64-pc-linux-gnu/11.2.0/include
 /usr/local/include
 /usr/lib/gcc/x86_64-pc-linux-gnu/11.2.0/include-fixed
 /usr/include
End of search list.
GNU C17 (GCC) version 11.2.0 (x86_64-pc-linux-gnu)
	compiled by GNU C version 11.2.0, GMP version 6.2.1, MPFR version 4.1.0-p13, MPC version 1.2.1, isl version isl-0.24-GMP

GGC heuristics: --param ggc-min-expand=100 --param ggc-min-heapsize=131072
Compiler executable checksum: 65a5ec6b673b24273c0fdde359680a16
COLLECT_GCC_OPTIONS='-v' '-o' 'CMakeFiles/cmTC_a695b.dir/CMakeCCompilerABI.c.o' '-c' '-mtune=generic' '-march=x86-64' '-dumpdir' 'CMakeFiles/cmTC_a695b.dir/'
 as -v --64 -o CMakeFiles/cmTC_a695b.dir/CMakeCCompilerABI.c.o /tmp/ccOO5XI6.s
GNU assembler version 2.38 (x86_64-pc-linux-gnu) using BFD version (GNU Binutils) 2.38
COMPILER_PATH=/usr/lib/gcc/x86_64-pc-linux-gnu/11.2.0/:/usr/lib/gcc/x86_64-pc-linux-gnu/11.2.0/:/usr/lib/gcc/x86_64-pc-linux-gnu/:/usr/lib/gcc/x86_64-pc-linux-gnu/11.2.0/:/usr/lib/gcc/x86_64-pc-linux-gnu/
LIBRARY_PATH=/opt/intel/oneapi/compiler/2021.3.0/linux/lib/../lib/:/usr/lib/gcc/x86_64-pc-linux-gnu/11.2.0/:/usr/lib/gcc/x86_64-pc-linux-gnu/11.2.0/../../../../lib/:/lib/../lib/:/usr/lib/../lib/:/opt/intel/oneapi/mkl/2021.3.0/lib/intel64/:/opt/intel/oneapi/compiler/2021.3.0/linux/lib/:/opt/intel/oneapi/tbb/2021.3.0/lib/intel64/gcc4.8/:/usr/lib/gcc/x86_64-pc-linux-gnu/11.2.0/../../../:/lib/:/usr/lib/
COLLECT_GCC_OPTIONS='-v' '-o' 'CMakeFiles/cmTC_a695b.dir/CMakeCCompilerABI.c.o' '-c' '-mtune=generic' '-march=x86-64' '-dumpdir' 'CMakeFiles/cmTC_a695b.dir/CMakeCCompilerABI.c.'
Linking C executable cmTC_a695b
/usr/bin/cmake -E cmake_link_script CMakeFiles/cmTC_a695b.dir/link.txt --verbose=1
/usr/bin/gcc  -v CMakeFiles/cmTC_a695b.dir/CMakeCCompilerABI.c.o -o cmTC_a695b 
Using built-in specs.
COLLECT_GCC=/usr/bin/gcc
COLLECT_LTO_WRAPPER=/usr/lib/gcc/x86_64-pc-linux-gnu/11.2.0/lto-wrapper
Target: x86_64-pc-linux-gnu
Configured with: /build/gcc/src/gcc/configure --enable-languages=c,c++,ada,fortran,go,lto,objc,obj-c++,d --enable-bootstrap --prefix=/usr --libdir=/usr/lib --libexecdir=/usr/lib --mandir=/usr/share/man --infodir=/usr/share/info --with-bugurl=https://bugs.archlinux.org/ --with-linker-hash-style=gnu --with-system-zlib --enable-__cxa_atexit --enable-cet=auto --enable-checking=release --enable-clocale=gnu --enable-default-pie --enable-default-ssp --enable-gnu-indirect-function --enable-gnu-unique-object --enable-linker-build-id --enable-lto --enable-multilib --enable-plugin --enable-shared --enable-threads=posix --disable-libssp --disable-libstdcxx-pch --disable-werror --with-build-config=bootstrap-lto --enable-link-serialization=1 gdc_include_dir=/usr/include/dlang/gdc
Thread model: posix
Supported LTO compression algorithms: zlib zstd
gcc version 11.2.0 (GCC) 
COMPILER_PATH=/usr/lib/gcc/x86_64-pc-linux-gnu/11.2.0/:/usr/lib/gcc/x86_64-pc-linux-gnu/11.2.0/:/usr/lib/gcc/x86_64-pc-linux-gnu/:/usr/lib/gcc/x86_64-pc-linux-gnu/11.2.0/:/usr/lib/gcc/x86_64-pc-linux-gnu/
LIBRARY_PATH=/opt/intel/oneapi/compiler/2021.3.0/linux/lib/../lib/:/usr/lib/gcc/x86_64-pc-linux-gnu/11.2.0/:/usr/lib/gcc/x86_64-pc-linux-gnu/11.2.0/../../../../lib/:/lib/../lib/:/usr/lib/../lib/:/opt/intel/oneapi/mkl/2021.3.0/lib/intel64/:/opt/intel/oneapi/compiler/2021.3.0/linux/lib/:/opt/intel/oneapi/tbb/2021.3.0/lib/intel64/gcc4.8/:/usr/lib/gcc/x86_64-pc-linux-gnu/11.2.0/../../../:/lib/:/usr/lib/
COLLECT_GCC_OPTIONS='-v' '-o' 'cmTC_a695b' '-mtune=generic' '-march=x86-64' '-dumpdir' 'cmTC_a695b.'
 /usr/lib/gcc/x86_64-pc-linux-gnu/11.2.0/collect2 -plugin /usr/lib/gcc/x86_64-pc-linux-gnu/11.2.0/liblto_plugin.so -plugin-opt=/usr/lib/gcc/x86_64-pc-linux-gnu/11.2.0/lto-wrapper -plugin-opt=-fresolution=/tmp/cc72vjxG.res -plugin-opt=-pass-through=-lgcc -plugin-opt=-pass-through=-lgcc_s -plugin-opt=-pass-through=-lc -plugin-opt=-pass-through=-lgcc -plugin-opt=-pass-through=-lgcc_s --build-id --eh-frame-hdr --hash-style=gnu -m elf_x86_64 -dynamic-linker /lib64/ld-linux-x86-64.so.2 -pie -o cmTC_a695b /usr/lib/gcc/x86_64-pc-linux-gnu/11.2.0/../../../../lib/Scrt1.o /usr/lib/gcc/x86_64-pc-linux-gnu/11.2.0/../../../../lib/crti.o /usr/lib/gcc/x86_64-pc-linux-gnu/11.2.0/crtbeginS.o -L/opt/intel/oneapi/compiler/2021.3.0/linux/lib/../lib -L/usr/lib/gcc/x86_64-pc-linux-gnu/11.2.0 -L/usr/lib/gcc/x86_64-pc-linux-gnu/11.2.0/../../../../lib -L/lib/../lib -L/usr/lib/../lib -L/opt/intel/oneapi/mkl/2021.3.0/lib/intel64 -L/opt/intel/oneapi/compiler/2021.3.0/linux/lib -L/opt/intel/oneapi/tbb/2021.3.0/lib/intel64/gcc4.8 -L/usr/lib/gcc/x86_64-pc-linux-gnu/11.2.0/../../.. CMakeFiles/cmTC_a695b.dir/CMakeCCompilerABI.c.o -lgcc --push-state --as-needed -lgcc_s --pop-state -lc -lgcc --push-state --as-needed -lgcc_s --pop-state /usr/lib/gcc/x86_64-pc-linux-gnu/11.2.0/crtendS.o /usr/lib/gcc/x86_64-pc-linux-gnu/11.2.0/../../../../lib/crtn.o
COLLECT_GCC_OPTIONS='-v' '-o' 'cmTC_a695b' '-mtune=generic' '-march=x86-64' '-dumpdir' 'cmTC_a695b.'
make[1]: Leaving directory '/home/alexander/Science/libgrpp/libgrpp/gsl/CMakeFiles/CMakeTmp'



Parsed C implicit include dir info from above output: rv=done
  found start of include info
  found start of implicit include info
    add: [/opt/intel/oneapi/mkl/2021.3.0/include]
    add: [/opt/intel/oneapi/compiler/2021.3.0/linux/include]
    add: [/opt/intel/oneapi/tbb/2021.3.0/include]
    add: [/usr/lib/gcc/x86_64-pc-linux-gnu/11.2.0/include]
    add: [/usr/local/include]
    add: [/usr/lib/gcc/x86_64-pc-linux-gnu/11.2.0/include-fixed]
    add: [/usr/include]
  end of search list found
  collapse include dir [/opt/intel/oneapi/mkl/2021.3.0/include] ==> [/opt/intel/oneapi/mkl/2021.3.0/include]
  collapse include dir [/opt/intel/oneapi/compiler/2021.3.0/linux/include] ==> [/opt/intel/oneapi/compiler/2021.3.0/linux/include]
  collapse include dir [/opt/intel/oneapi/tbb/2021.3.0/include] ==> [/opt/intel/oneapi/tbb/2021.3.0/include]
  collapse include dir [/usr/lib/gcc/x86_64-pc-linux-gnu/11.2.0/include] ==> [/usr/lib/gcc/x86_64-pc-linux-gnu/11.2.0/include]
  collapse include dir [/usr/local/include] ==> [/usr/local/include]
  collapse include dir [/usr/lib/gcc/x86_64-pc-linux-gnu/11.2.0/include-fixed] ==> [/usr/lib/gcc/x86_64-pc-linux-gnu/11.2.0/include-fixed]
  collapse include dir [/usr/include] ==> [/usr/include]
  implicit include dirs: [/opt/intel/oneapi/mkl/2021.3.0/include;/opt/intel/oneapi/compiler/2021.3.0/linux/include;/opt/intel/oneapi/tbb/2021.3.0/include;/usr/lib/gcc/x86_64-pc-linux-gnu/11.2.0/include;/usr/local/include;/usr/lib/gcc/x86_64-pc-linux-gnu/11.2.0/include-fixed;/usr/include]


Parsed C implicit link information from above output:
  link line regex: [^( *|.*[/\])(ld|CMAKE_LINK_STARTFILE-NOTFOUND|([^/\]+-)?ld|collect2)[^/\]*( |$)]
  ignore line: [Change Dir: /home/alexander/Science/libgrpp/libgrpp/gsl/CMakeFiles/CMakeTmp]
  ignore line: []
  ignore line: [Run Build Command(s):/usr/bin/make -f Makefile cmTC_a695b/fast && /usr/bin/make  -f CMakeFiles/cmTC_a695b.dir/build.make CMakeFiles/cmTC_a695b.dir/build]
  ignore line: [make[1]: Entering directory '/home/alexander/Science/libgrpp/libgrpp/gsl/CMakeFiles/CMakeTmp']
  ignore line: [Building C object CMakeFiles/cmTC_a695b.dir/CMakeCCompilerABI.c.o]
  ignore line: [/usr/bin/gcc   -v -o CMakeFiles/cmTC_a695b.dir/CMakeCCompilerABI.c.o -c /usr/share/cmake/Modules/CMakeCCompilerABI.c]
  ignore line: [Using built-in specs.]
  ignore line: [COLLECT_GCC=/usr/bin/gcc]
  ignore line: [Target: x86_64-pc-linux-gnu]
  ignore line: [Configured with: /build/gcc/src/gcc/configure --enable-languages=c c++ ada fortran go lto objc obj-c++ d --enable-bootstrap --prefix=/usr --libdir=/usr/lib --libexecdir=/usr/lib --mandir=/usr/share/man --infodir=/usr/share/info --with-bugurl=https://bugs.archlinux.org/ --with-linker-hash-style=gnu --with-system-zlib --enable-__cxa_atexit --enable-cet=auto --enable-checking=release --enable-clocale=gnu --enable-default-pie --enable-default-ssp --enable-gnu-indirect-function --enable-gnu-unique-object --enable-linker-build-id --enable-lto --enable-multilib --enable-plugin --enable-shared --enable-threads=posix --disable-libssp --disable-libstdcxx-pch --disable-werror --with-build-config=bootstrap-lto --enable-link-serialization=1 gdc_include_dir=/usr/include/dlang/gdc]
  ignore line: [Thread model: posix]
  ignore line: [Supported LTO compression algorithms: zlib zstd]
  ignore line: [gcc version 11.2.0 (GCC) ]
  ignore line: [COLLECT_GCC_OPTIONS='-v' '-o' 'CMakeFiles/cmTC_a695b.dir/CMakeCCompilerABI.c.o' '-c' '-mtune=generic' '-march=x86-64' '-dumpdir' 'CMakeFiles/cmTC_a695b.dir/']
  ignore line: [ /usr/lib/gcc/x86_64-pc-linux-gnu/11.2.0/cc1 -quiet -v /usr/share/cmake/Modules/CMakeCCompilerABI.c -quiet -dumpdir CMakeFiles/cmTC_a695b.dir/ -dumpbase CMakeCCompilerABI.c.c -dumpbase-ext .c -mtune=generic -march=x86-64 -version -o /tmp/ccOO5XI6.s]
  ignore line: [GNU C17 (GCC) version 11.2.0 (x86_64-pc-linux-gnu)]
  ignore line: [	compiled by GNU C version 11.2.0  GMP version 6.2.1  MPFR version 4.1.0-p13  MPC version 1.2.1  isl version isl-0.24-GMP]
  ignore line: []
  ignore line: [GGC heuristics: --param ggc-min-expand=100 --param ggc-min-heapsize=131072]
  ignore line: [ignoring nonexistent directory "/usr/lib/gcc/x86_64-pc-linux-gnu/11.2.0/../../../../x86_64-pc-linux-gnu/include"]
  ignore line: [#include "..." search starts here:]
  ignore line: [#include <...> search starts here:]
  ignore line: [ /opt/intel/oneapi/mkl/2021.3.0/include]
  ignore line: [ /opt/intel/oneapi/compiler/2021.3.0/linux/include]
  ignore line: [ /opt/intel/oneapi/tbb/2021.3.0/include]
  ignore line: [ /usr/lib/gcc/x86_64-pc-linux-gnu/11.2.0/include]
  ignore line: [ /usr/local/include]
  ignore line: [ /usr/lib/gcc/x86_64-pc-linux-gnu/11.2.0/include-fixed]
  ignore line: [ /usr/include]
  ignore line: [End of search list.]
  ignore line: [GNU C17 (GCC) version 11.2.0 (x86_64-pc-linux-gnu)]
  ignore line: [	compiled by GNU C version 11.2.0  GMP version 6.2.1  MPFR version 4.1.0-p13  MPC version 1.2.1  isl version isl-0.24-GMP]
  ignore line: []
  ignore line: [GGC heuristics: --param ggc-min-expand=100 --param ggc-min-heapsize=131072]
  ignore line: [Compiler executable checksum: 65a5ec6b673b24273c0fdde359680a16]
  ignore line: [COLLECT_GCC_OPTIONS='-v' '-o' 'CMakeFiles/cmTC_a695b.dir/CMakeCCompilerABI.c.o' '-c' '-mtune=generic' '-march=x86-64' '-dumpdir' 'CMakeFiles/cmTC_a695b.dir/']
  ignore line: [ as -v --64 -o CMakeFiles/cmTC_a695b.dir/CMakeCCompilerABI.c.o /tmp/ccOO5XI6.s]
  ignore line: [GNU assembler version 2.38 (x86_64-pc-linux-gnu) using BFD version (GNU Binutils) 2.38]
  ignore line: [COMPILER_PATH=/usr/lib/gcc/x86_64-pc-linux-gnu/11.2.0/:/usr/lib/gcc/x86_64-pc-linux-gnu/11.2.0/:/usr/lib/gcc/x86_64-pc-linux-gnu/:/usr/lib/gcc/x86_64-pc-linux-gnu/11.2.0/:/usr/lib/gcc/x86_64-pc-linux-gnu/]
  ignore line: [LIBRARY_PATH=/opt/intel/oneapi/compiler/2021.3.0/linux/lib/../lib/:/usr/lib/gcc/x86_64-pc-linux-gnu/11.2.0/:/usr/lib/gcc/x86_64-pc-linux-gnu/11.2.0/../../../../lib/:/lib/../lib/:/usr/lib/../lib/:/opt/intel/oneapi/mkl/2021.3.0/lib/intel64/:/opt/intel/oneapi/compiler/2021.3.0/linux/lib/:/opt/intel/oneapi/tbb/2021.3.0/lib/intel64/gcc4.8/:/usr/lib/gcc/x86_64-pc-linux-gnu/11.2.0/../../../:/lib/:/usr/lib/]
  ignore line: [COLLECT_GCC_OPTIONS='-v' '-o' 'CMakeFiles/cmTC_a695b.dir/CMakeCCompilerABI.c.o' '-c' '-mtune=generic' '-march=x86-64' '-dumpdir' 'CMakeFiles/cmTC_a695b.dir/CMakeCCompilerABI.c.']
  ignore line: [Linking C executable cmTC_a695b]
  ignore line: [/usr/bin/cmake -E cmake_link_script CMakeFiles/cmTC_a695b.dir/link.txt --verbose=1]
  ignore line: [/usr/bin/gcc  -v CMakeFiles/cmTC_a695b.dir/CMakeCCompilerABI.c.o -o cmTC_a695b ]
  ignore line: [Using built-in specs.]
  ignore line: [COLLECT_GCC=/usr/bin/gcc]
  ignore line: [COLLECT_LTO_WRAPPER=/usr/lib/gcc/x86_64-pc-linux-gnu/11.2.0/lto-wrapper]
  ignore line: [Target: x86_64-pc-linux-gnu]
  ignore line: [Configured with: /build/gcc/src/gcc/configure --enable-languages=c c++ ada fortran go lto objc obj-c++ d --enable-bootstrap --prefix=/usr --libdir=/usr/lib --libexecdir=/usr/lib --mandir=/usr/share/man --infodir=/usr/share/info --with-bugurl=https://bugs.archlinux.org/ --with-linker-hash-style=gnu --with-system-zlib --enable-__cxa_atexit --enable-cet=auto --enable-checking=release --enable-clocale=gnu --enable-default-pie --enable-default-ssp --enable-gnu-indirect-function --enable-gnu-unique-object --enable-linker-build-id --enable-lto --enable-multilib --enable-plugin --enable-shared --enable-threads=posix --disable-libssp --disable-libstdcxx-pch --disable-werror --with-build-config=bootstrap-lto --enable-link-serialization=1 gdc_include_dir=/usr/include/dlang/gdc]
  ignore line: [Thread model: posix]
  ignore line: [Supported LTO compression algorithms: zlib zstd]
  ignore line: [gcc version 11.2.0 (GCC) ]
  ignore line: [COMPILER_PATH=/usr/lib/gcc/x86_64-pc-linux-gnu/11.2.0/:/usr/lib/gcc/x86_64-pc-linux-gnu/11.2.0/:/usr/lib/gcc/x86_64-pc-linux-gnu/:/usr/lib/gcc/x86_64-pc-linux-gnu/11.2.0/:/usr/lib/gcc/x86_64-pc-linux-gnu/]
  ignore line: [LIBRARY_PATH=/opt/intel/oneapi/compiler/2021.3.0/linux/lib/../lib/:/usr/lib/gcc/x86_64-pc-linux-gnu/11.2.0/:/usr/lib/gcc/x86_64-pc-linux-gnu/11.2.0/../../../../lib/:/lib/../lib/:/usr/lib/../lib/:/opt/intel/oneapi/mkl/2021.3.0/lib/intel64/:/opt/intel/oneapi/compiler/2021.3.0/linux/lib/:/opt/intel/oneapi/tbb/2021.3.0/lib/intel64/gcc4.8/:/usr/lib/gcc/x86_64-pc-linux-gnu/11.2.0/../../../:/lib/:/usr/lib/]
  ignore line: [COLLECT_GCC_OPTIONS='-v' '-o' 'cmTC_a695b' '-mtune=generic' '-march=x86-64' '-dumpdir' 'cmTC_a695b.']
  link line: [ /usr/lib/gcc/x86_64-pc-linux-gnu/11.2.0/collect2 -plugin /usr/lib/gcc/x86_64-pc-linux-gnu/11.2.0/liblto_plugin.so -plugin-opt=/usr/lib/gcc/x86_64-pc-linux-gnu/11.2.0/lto-wrapper -plugin-opt=-fresolution=/tmp/cc72vjxG.res -plugin-opt=-pass-through=-lgcc -plugin-opt=-pass-through=-lgcc_s -plugin-opt=-pass-through=-lc -plugin-opt=-pass-through=-lgcc -plugin-opt=-pass-through=-lgcc_s --build-id --eh-frame-hdr --hash-style=gnu -m elf_x86_64 -dynamic-linker /lib64/ld-linux-x86-64.so.2 -pie -o cmTC_a695b /usr/lib/gcc/x86_64-pc-linux-gnu/11.2.0/../../../../lib/Scrt1.o /usr/lib/gcc/x86_64-pc-linux-gnu/11.2.0/../../../../lib/crti.o /usr/lib/gcc/x86_64-pc-linux-gnu/11.2.0/crtbeginS.o -L/opt/intel/oneapi/compiler/2021.3.0/linux/lib/../lib -L/usr/lib/gcc/x86_64-pc-linux-gnu/11.2.0 -L/usr/lib/gcc/x86_64-pc-linux-gnu/11.2.0/../../../../lib -L/lib/../lib -L/usr/lib/../lib -L/opt/intel/oneapi/mkl/2021.3.0/lib/intel64 -L/opt/intel/oneapi/compiler/2021.3.0/linux/lib -L/opt/intel/oneapi/tbb/2021.3.0/lib/intel64/gcc4.8 -L/usr/lib/gcc/x86_64-pc-linux-gnu/11.2.0/../../.. CMakeFiles/cmTC_a695b.dir/CMakeCCompilerABI.c.o -lgcc --push-state --as-needed -lgcc_s --pop-state -lc -lgcc --push-state --as-needed -lgcc_s --pop-state /usr/lib/gcc/x86_64-pc-linux-gnu/11.2.0/crtendS.o /usr/lib/gcc/x86_64-pc-linux-gnu/11.2.0/../../../../lib/crtn.o]
    arg [/usr/lib/gcc/x86_64-pc-linux-gnu/11.2.0/collect2] ==> ignore
    arg [-plugin] ==> ignore
    arg [/usr/lib/gcc/x86_64-pc-linux-gnu/11.2.0/liblto_plugin.so] ==> ignore
    arg [-plugin-opt=/usr/lib/gcc/x86_64-pc-linux-gnu/11.2.0/lto-wrapper] ==> ignore
    arg [-plugin-opt=-fresolution=/tmp/cc72vjxG.res] ==> ignore
    arg [-plugin-opt=-pass-through=-lgcc] ==> ignore
    arg [-plugin-opt=-pass-through=-lgcc_s] ==> ignore
    arg [-plugin-opt=-pass-through=-lc] ==> ignore
    arg [-plugin-opt=-pass-through=-lgcc] ==> ignore
    arg [-plugin-opt=-pass-through=-lgcc_s] ==> ignore
    arg [--build-id] ==> ignore
    arg [--eh-frame-hdr] ==> ignore
    arg [--hash-style=gnu] ==> ignore
    arg [-m] ==> ignore
    arg [elf_x86_64] ==> ignore
    arg [-dynamic-linker] ==> ignore
    arg [/lib64/ld-linux-x86-64.so.2] ==> ignore
    arg [-pie] ==> ignore
    arg [-o] ==> ignore
    arg [cmTC_a695b] ==> ignore
    arg [/usr/lib/gcc/x86_64-pc-linux-gnu/11.2.0/../../../../lib/Scrt1.o] ==> obj [/usr/lib/gcc/x86_64-pc-linux-gnu/11.2.0/../../../../lib/Scrt1.o]
    arg [/usr/lib/gcc/x86_64-pc-linux-gnu/11.2.0/../../../../lib/crti.o] ==> obj [/usr/lib/gcc/x86_64-pc-linux-gnu/11.2.0/../../../../lib/crti.o]
    arg [/usr/lib/gcc/x86_64-pc-linux-gnu/11.2.0/crtbeginS.o] ==> obj [/usr/lib/gcc/x86_64-pc-linux-gnu/11.2.0/crtbeginS.o]
    arg [-L/opt/intel/oneapi/compiler/2021.3.0/linux/lib/../lib] ==> dir [/opt/intel/oneapi/compiler/2021.3.0/linux/lib/../lib]
    arg [-L/usr/lib/gcc/x86_64-pc-linux-gnu/11.2.0] ==> dir [/usr/lib/gcc/x86_64-pc-linux-gnu/11.2.0]
    arg [-L/usr/lib/gcc/x86_64-pc-linux-gnu/11.2.0/../../../../lib] ==> dir [/usr/lib/gcc/x86_64-pc-linux-gnu/11.2.0/../../../../lib]
    arg [-L/lib/../lib] ==> dir [/lib/../lib]
    arg [-L/usr/lib/../lib] ==> dir [/usr/lib/../lib]
    arg [-L/opt/intel/oneapi/mkl/2021.3.0/lib/intel64] ==> dir [/opt/intel/oneapi/mkl/2021.3.0/lib/intel64]
    arg [-L/opt/intel/oneapi/compiler/2021.3.0/linux/lib] ==> dir [/opt/intel/oneapi/compiler/2021.3.0/linux/lib]
    arg [-L/opt/intel/oneapi/tbb/2021.3.0/lib/intel64/gcc4.8] ==> dir [/opt/intel/oneapi/tbb/2021.3.0/lib/intel64/gcc4.8]
    arg [-L/usr/lib/gcc/x86_64-pc-linux-gnu/11.2.0/../../..] ==> dir [/usr/lib/gcc/x86_64-pc-linux-gnu/11.2.0/../../..]
    arg [CMakeFiles/cmTC_a695b.dir/CMakeCCompilerABI.c.o] ==> ignore
    arg [-lgcc] ==> lib [gcc]
    arg [--push-state] ==> ignore
    arg [--as-needed] ==> ignore
    arg [-lgcc_s] ==> lib [gcc_s]
    arg [--pop-state] ==> ignore
    arg [-lc] ==> lib [c]
    arg [-lgcc] ==> lib [gcc]
    arg [--push-state] ==> ignore
    arg [--as-needed] ==> ignore
    arg [-lgcc_s] ==> lib [gcc_s]
    arg [--pop-state] ==> ignore
    arg [/usr/lib/gcc/x86_64-pc-linux-gnu/11.2.0/crtendS.o] ==> obj [/usr/lib/gcc/x86_64-pc-linux-gnu/11.2.0/crtendS.o]
    arg [/usr/lib/gcc/x86_64-pc-linux-gnu/11.2.0/../../../../lib/crtn.o] ==> obj [/usr/lib/gcc/x86_64-pc-linux-gnu/11.2.0/../../../../lib/crtn.o]
  collapse obj [/usr/lib/gcc/x86_64-pc-linux-gnu/11.2.0/../../../../lib/Scrt1.o] ==> [/usr/lib/Scrt1.o]
  collapse obj [/usr/lib/gcc/x86_64-pc-linux-gnu/11.2.0/../../../../lib/crti.o] ==> [/usr/lib/crti.o]
  collapse obj [/usr/lib/gcc/x86_64-pc-linux-gnu/11.2.0/../../../../lib/crtn.o] ==> [/usr/lib/crtn.o]
  collapse library dir [/opt/intel/oneapi/compiler/2021.3.0/linux/lib/../lib] ==> [/opt/intel/oneapi/compiler/2021.3.0/linux/lib]
  collapse library dir [/usr/lib/gcc/x86_64-pc-linux-gnu/11.2.0] ==> [/usr/lib/gcc/x86_64-pc-linux-gnu/11.2.0]
  collapse library dir [/usr/lib/gcc/x86_64-pc-linux-gnu/11.2.0/../../../../lib] ==> [/usr/lib]
  collapse library dir [/lib/../lib] ==> [/lib]
  collapse library dir [/usr/lib/../lib] ==> [/usr/lib]
  collapse library dir [/opt/intel/oneapi/mkl/2021.3.0/lib/intel64] ==> [/opt/intel/oneapi/mkl/2021.3.0/lib/intel64]
  collapse library dir [/opt/intel/oneapi/compiler/2021.3.0/linux/lib] ==> [/opt/intel/oneapi/compiler/2021.3.0/linux/lib]
  collapse library dir [/opt/intel/oneapi/tbb/2021.3.0/lib/intel64/gcc4.8] ==> [/opt/intel/oneapi/tbb/2021.3.0/lib/intel64/gcc4.8]
  collapse library dir [/usr/lib/gcc/x86_64-pc-linux-gnu/11.2.0/../../..] ==> [/usr/lib]
  implicit libs: [gcc;gcc_s;c;gcc;gcc_s]
  implicit objs: [/usr/lib/Scrt1.o;/usr/lib/crti.o;/usr/lib/gcc/x86_64-pc-linux-gnu/11.2.0/crtbeginS.o;/usr/lib/gcc/x86_64-pc-linux-gnu/11.2.0/crtendS.o;/usr/lib/crtn.o]
  implicit dirs: [/opt/intel/oneapi/compiler/2021.3.0/linux/lib;/usr/lib/gcc/x86_64-pc-linux-gnu/11.2.0;/usr/lib;/lib;/opt/intel/oneapi/mkl/2021.3.0/lib/intel64;/opt/intel/oneapi/tbb/2021.3.0/lib/intel64/gcc4.8]
  implicit fwks: []


Compiling the CXX compiler identification source file "CMakeCXXCompilerId.cpp" succeeded.
Compiler: /usr/bin/c++ 
Build flags: 
Id flags:  

The output was:
0


Compilation of the CXX compiler identification source "CMakeCXXCompilerId.cpp" produced "a.out"

The CXX compiler identification is GNU, found in "/home/alexander/Science/libgrpp/libgrpp/gsl/CMakeFiles/3.22.3/CompilerIdCXX/a.out"

Detecting CXX compiler ABI info compiled with the following output:
Change Dir: /home/alexander/Science/libgrpp/libgrpp/gsl/CMakeFiles/CMakeTmp

Run Build Command(s):/usr/bin/make -f Makefile cmTC_368c2/fast && /usr/bin/make  -f CMakeFiles/cmTC_368c2.dir/build.make CMakeFiles/cmTC_368c2.dir/build
make[1]: Entering directory '/home/alexander/Science/libgrpp/libgrpp/gsl/CMakeFiles/CMakeTmp'
Building CXX object CMakeFiles/cmTC_368c2.dir/CMakeCXXCompilerABI.cpp.o
/usr/bin/c++   -v -o CMakeFiles/cmTC_368c2.dir/CMakeCXXCompilerABI.cpp.o -c /usr/share/cmake/Modules/CMakeCXXCompilerABI.cpp
Using built-in specs.
COLLECT_GCC=/usr/bin/c++
Target: x86_64-pc-linux-gnu
Configured with: /build/gcc/src/gcc/configure --enable-languages=c,c++,ada,fortran,go,lto,objc,obj-c++,d --enable-bootstrap --prefix=/usr --libdir=/usr/lib --libexecdir=/usr/lib --mandir=/usr/share/man --infodir=/usr/share/info --with-bugurl=https://bugs.archlinux.org/ --with-linker-hash-style=gnu --with-system-zlib --enable-__cxa_atexit --enable-cet=auto --enable-checking=release --enable-clocale=gnu --enable-default-pie --enable-default-ssp --enable-gnu-indirect-function --enable-gnu-unique-object --enable-linker-build-id --enable-lto --enable-multilib --enable-plugin --enable-shared --enable-threads=posix --disable-libssp --disable-libstdcxx-pch --disable-werror --with-build-config=bootstrap-lto --enable-link-serialization=1 gdc_include_dir=/usr/include/dlang/gdc
Thread model: posix
Supported LTO compression algorithms: zlib zstd
gcc version 11.2.0 (GCC) 
COLLECT_GCC_OPTIONS='-v' '-o' 'CMakeFiles/cmTC_368c2.dir/CMakeCXXCompilerABI.cpp.o' '-c' '-shared-libgcc' '-mtune=generic' '-march=x86-64' '-dumpdir' 'CMakeFiles/cmTC_368c2.dir/'
 /usr/lib/gcc/x86_64-pc-linux-gnu/11.2.0/cc1plus -quiet -v -D_GNU_SOURCE /usr/share/cmake/Modules/CMakeCXXCompilerABI.cpp -quiet -dumpdir CMakeFiles/cmTC_368c2.dir/ -dumpbase CMakeCXXCompilerABI.cpp.cpp -dumpbase-ext .cpp -mtune=generic -march=x86-64 -version -o /tmp/cch9QSba.s
GNU C++17 (GCC) version 11.2.0 (x86_64-pc-linux-gnu)
	compiled by GNU C version 11.2.0, GMP version 6.2.1, MPFR version 4.1.0-p13, MPC version 1.2.1, isl version isl-0.24-GMP

GGC heuristics: --param ggc-min-expand=100 --param ggc-min-heapsize=131072
ignoring nonexistent directory "/usr/lib/gcc/x86_64-pc-linux-gnu/11.2.0/../../../../x86_64-pc-linux-gnu/include"
#include "..." search starts here:
#include <...> search starts here:
 /opt/intel/oneapi/mkl/2021.3.0/include
 /opt/intel/oneapi/compiler/2021.3.0/linux/include
 /opt/intel/oneapi/tbb/2021.3.0/include
 /usr/lib/gcc/x86_64-pc-linux-gnu/11.2.0/../../../../include/c++/11.2.0
 /usr/lib/gcc/x86_64-pc-linux-gnu/11.2.0/../../../../include/c++/11.2.0/x86_64-pc-linux-gnu
 /usr/lib/gcc/x86_64-pc-linux-gnu/11.2.0/../../../../include/c++/11.2.0/backward
 /usr/lib/gcc/x86_64-pc-linux-gnu/11.2.0/include
 /usr/local/include
 /usr/lib/gcc/x86_64-pc-linux-gnu/11.2.0/include-fixed
 /usr/include
End of search list.
GNU C++17 (GCC) version 11.2.0 (x86_64-pc-linux-gnu)
	compiled by GNU C version 11.2.0, GMP version 6.2.1, MPFR version 4.1.0-p13, MPC version 1.2.1, isl version isl-0.24-GMP

GGC heuristics: --param ggc-min-expand=100 --param ggc-min-heapsize=131072
Compiler executable checksum: 37973183ac4df241cfcce263334987c1
COLLECT_GCC_OPTIONS='-v' '-o' 'CMakeFiles/cmTC_368c2.dir/CMakeCXXCompilerABI.cpp.o' '-c' '-shared-libgcc' '-mtune=generic' '-march=x86-64' '-dumpdir' 'CMakeFiles/cmTC_368c2.dir/'
 as -v --64 -o CMakeFiles/cmTC_368c2.dir/CMakeCXXCompilerABI.cpp.o /tmp/cch9QSba.s
GNU assembler version 2.38 (x86_64-pc-linux-gnu) using BFD version (GNU Binutils) 2.38
COMPILER_PATH=/usr/lib/gcc/x86_64-pc-linux-gnu/11.2.0/:/usr/lib/gcc/x86_64-pc-linux-gnu/11.2.0/:/usr/lib/gcc/x86_64-pc-linux-gnu/:/usr/lib/gcc/x86_64-pc-linux-gnu/11.2.0/:/usr/lib/gcc/x86_64-pc-linux-gnu/
LIBRARY_PATH=/opt/intel/oneapi/compiler/2021.3.0/linux/lib/../lib/:/usr/lib/gcc/x86_64-pc-linux-gnu/11.2.0/:/usr/lib/gcc/x86_64-pc-linux-gnu/11.2.0/../../../../lib/:/lib/../lib/:/usr/lib/../lib/:/opt/intel/oneapi/mkl/2021.3.0/lib/intel64/:/opt/intel/oneapi/compiler/2021.3.0/linux/lib/:/opt/intel/oneapi/tbb/2021.3.0/lib/intel64/gcc4.8/:/usr/lib/gcc/x86_64-pc-linux-gnu/11.2.0/../../../:/lib/:/usr/lib/
COLLECT_GCC_OPTIONS='-v' '-o' 'CMakeFiles/cmTC_368c2.dir/CMakeCXXCompilerABI.cpp.o' '-c' '-shared-libgcc' '-mtune=generic' '-march=x86-64' '-dumpdir' 'CMakeFiles/cmTC_368c2.dir/CMakeCXXCompilerABI.cpp.'
Linking CXX executable cmTC_368c2
/usr/bin/cmake -E cmake_link_script CMakeFiles/cmTC_368c2.dir/link.txt --verbose=1
/usr/bin/c++  -v CMakeFiles/cmTC_368c2.dir/CMakeCXXCompilerABI.cpp.o -o cmTC_368c2 
Using built-in specs.
COLLECT_GCC=/usr/bin/c++
COLLECT_LTO_WRAPPER=/usr/lib/gcc/x86_64-pc-linux-gnu/11.2.0/lto-wrapper
Target: x86_64-pc-linux-gnu
Configured with: /build/gcc/src/gcc/configure --enable-languages=c,c++,ada,fortran,go,lto,objc,obj-c++,d --enable-bootstrap --prefix=/usr --libdir=/usr/lib --libexecdir=/usr/lib --mandir=/usr/share/man --infodir=/usr/share/info --with-bugurl=https://bugs.archlinux.org/ --with-linker-hash-style=gnu --with-system-zlib --enable-__cxa_atexit --enable-cet=auto --enable-checking=release --enable-clocale=gnu --enable-default-pie --enable-default-ssp --enable-gnu-indirect-function --enable-gnu-unique-object --enable-linker-build-id --enable-lto --enable-multilib --enable-plugin --enable-shared --enable-threads=posix --disable-libssp --disable-libstdcxx-pch --disable-werror --with-build-config=bootstrap-lto --enable-link-serialization=1 gdc_include_dir=/usr/include/dlang/gdc
Thread model: posix
Supported LTO compression algorithms: zlib zstd
gcc version 11.2.0 (GCC) 
COMPILER_PATH=/usr/lib/gcc/x86_64-pc-linux-gnu/11.2.0/:/usr/lib/gcc/x86_64-pc-linux-gnu/11.2.0/:/usr/lib/gcc/x86_64-pc-linux-gnu/:/usr/lib/gcc/x86_64-pc-linux-gnu/11.2.0/:/usr/lib/gcc/x86_64-pc-linux-gnu/
LIBRARY_PATH=/opt/intel/oneapi/compiler/2021.3.0/linux/lib/../lib/:/usr/lib/gcc/x86_64-pc-linux-gnu/11.2.0/:/usr/lib/gcc/x86_64-pc-linux-gnu/11.2.0/../../../../lib/:/lib/../lib/:/usr/lib/../lib/:/opt/intel/oneapi/mkl/2021.3.0/lib/intel64/:/opt/intel/oneapi/compiler/2021.3.0/linux/lib/:/opt/intel/oneapi/tbb/2021.3.0/lib/intel64/gcc4.8/:/usr/lib/gcc/x86_64-pc-linux-gnu/11.2.0/../../../:/lib/:/usr/lib/
COLLECT_GCC_OPTIONS='-v' '-o' 'cmTC_368c2' '-shared-libgcc' '-mtune=generic' '-march=x86-64' '-dumpdir' 'cmTC_368c2.'
 /usr/lib/gcc/x86_64-pc-linux-gnu/11.2.0/collect2 -plugin /usr/lib/gcc/x86_64-pc-linux-gnu/11.2.0/liblto_plugin.so -plugin-opt=/usr/lib/gcc/x86_64-pc-linux-gnu/11.2.0/lto-wrapper -plugin-opt=-fresolution=/tmp/cc8rvn82.res -plugin-opt=-pass-through=-lgcc_s -plugin-opt=-pass-through=-lgcc -plugin-opt=-pass-through=-lc -plugin-opt=-pass-through=-lgcc_s -plugin-opt=-pass-through=-lgcc --build-id --eh-frame-hdr --hash-style=gnu -m elf_x86_64 -dynamic-linker /lib64/ld-linux-x86-64.so.2 -pie -o cmTC_368c2 /usr/lib/gcc/x86_64-pc-linux-gnu/11.2.0/../../../../lib/Scrt1.o /usr/lib/gcc/x86_64-pc-linux-gnu/11.2.0/../../../../lib/crti.o /usr/lib/gcc/x86_64-pc-linux-gnu/11.2.0/crtbeginS.o -L/opt/intel/oneapi/compiler/2021.3.0/linux/lib/../lib -L/usr/lib/gcc/x86_64-pc-linux-gnu/11.2.0 -L/usr/lib/gcc/x86_64-pc-linux-gnu/11.2.0/../../../../lib -L/lib/../lib -L/usr/lib/../lib -L/opt/intel/oneapi/mkl/2021.3.0/lib/intel64 -L/opt/intel/oneapi/compiler/2021.3.0/linux/lib -L/opt/intel/oneapi/tbb/2021.3.0/lib/intel64/gcc4.8 -L/usr/lib/gcc/x86_64-pc-linux-gnu/11.2.0/../../.. CMakeFiles/cmTC_368c2.dir/CMakeCXXCompilerABI.cpp.o -lstdc++ -lm -lgcc_s -lgcc -lc -lgcc_s -lgcc /usr/lib/gcc/x86_64-pc-linux-gnu/11.2.0/crtendS.o /usr/lib/gcc/x86_64-pc-linux-gnu/11.2.0/../../../../lib/crtn.o
COLLECT_GCC_OPTIONS='-v' '-o' 'cmTC_368c2' '-shared-libgcc' '-mtune=generic' '-march=x86-64' '-dumpdir' 'cmTC_368c2.'
make[1]: Leaving directory '/home/alexander/Science/libgrpp/libgrpp/gsl/CMakeFiles/CMakeTmp'



Parsed CXX implicit include dir info from above output: rv=done
  found start of include info
  found start of implicit include info
    add: [/opt/intel/oneapi/mkl/2021.3.0/include]
    add: [/opt/intel/oneapi/compiler/2021.3.0/linux/include]
    add: [/opt/intel/oneapi/tbb/2021.3.0/include]
    add: [/usr/lib/gcc/x86_64-pc-linux-gnu/11.2.0/../../../../include/c++/11.2.0]
    add: [/usr/lib/gcc/x86_64-pc-linux-gnu/11.2.0/../../../../include/c++/11.2.0/x86_64-pc-linux-gnu]
    add: [/usr/lib/gcc/x86_64-pc-linux-gnu/11.2.0/../../../../include/c++/11.2.0/backward]
    add: [/usr/lib/gcc/x86_64-pc-linux-gnu/11.2.0/include]
    add: [/usr/local/include]
    add: [/usr/lib/gcc/x86_64-pc-linux-gnu/11.2.0/include-fixed]
    add: [/usr/include]
  end of search list found
  collapse include dir [/opt/intel/oneapi/mkl/2021.3.0/include] ==> [/opt/intel/oneapi/mkl/2021.3.0/include]
  collapse include dir [/opt/intel/oneapi/compiler/2021.3.0/linux/include] ==> [/opt/intel/oneapi/compiler/2021.3.0/linux/include]
  collapse include dir [/opt/intel/oneapi/tbb/2021.3.0/include] ==> [/opt/intel/oneapi/tbb/2021.3.0/include]
  collapse include dir [/usr/lib/gcc/x86_64-pc-linux-gnu/11.2.0/../../../../include/c++/11.2.0] ==> [/usr/include/c++/11.2.0]
  collapse include dir [/usr/lib/gcc/x86_64-pc-linux-gnu/11.2.0/../../../../include/c++/11.2.0/x86_64-pc-linux-gnu] ==> [/usr/include/c++/11.2.0/x86_64-pc-linux-gnu]
  collapse include dir [/usr/lib/gcc/x86_64-pc-linux-gnu/11.2.0/../../../../include/c++/11.2.0/backward] ==> [/usr/include/c++/11.2.0/backward]
  collapse include dir [/usr/lib/gcc/x86_64-pc-linux-gnu/11.2.0/include] ==> [/usr/lib/gcc/x86_64-pc-linux-gnu/11.2.0/include]
  collapse include dir [/usr/local/include] ==> [/usr/local/include]
  collapse include dir [/usr/lib/gcc/x86_64-pc-linux-gnu/11.2.0/include-fixed] ==> [/usr/lib/gcc/x86_64-pc-linux-gnu/11.2.0/include-fixed]
  collapse include dir [/usr/include] ==> [/usr/include]
  implicit include dirs: [/opt/intel/oneapi/mkl/2021.3.0/include;/opt/intel/oneapi/compiler/2021.3.0/linux/include;/opt/intel/oneapi/tbb/2021.3.0/include;/usr/include/c++/11.2.0;/usr/include/c++/11.2.0/x86_64-pc-linux-gnu;/usr/include/c++/11.2.0/backward;/usr/lib/gcc/x86_64-pc-linux-gnu/11.2.0/include;/usr/local/include;/usr/lib/gcc/x86_64-pc-linux-gnu/11.2.0/include-fixed;/usr/include]


Parsed CXX implicit link information from above output:
  link line regex: [^( *|.*[/\])(ld|CMAKE_LINK_STARTFILE-NOTFOUND|([^/\]+-)?ld|collect2)[^/\]*( |$)]
  ignore line: [Change Dir: /home/alexander/Science/libgrpp/libgrpp/gsl/CMakeFiles/CMakeTmp]
  ignore line: []
  ignore line: [Run Build Command(s):/usr/bin/make -f Makefile cmTC_368c2/fast && /usr/bin/make  -f CMakeFiles/cmTC_368c2.dir/build.make CMakeFiles/cmTC_368c2.dir/build]
  ignore line: [make[1]: Entering directory '/home/alexander/Science/libgrpp/libgrpp/gsl/CMakeFiles/CMakeTmp']
  ignore line: [Building CXX object CMakeFiles/cmTC_368c2.dir/CMakeCXXCompilerABI.cpp.o]
  ignore line: [/usr/bin/c++   -v -o CMakeFiles/cmTC_368c2.dir/CMakeCXXCompilerABI.cpp.o -c /usr/share/cmake/Modules/CMakeCXXCompilerABI.cpp]
  ignore line: [Using built-in specs.]
  ignore line: [COLLECT_GCC=/usr/bin/c++]
  ignore line: [Target: x86_64-pc-linux-gnu]
  ignore line: [Configured with: /build/gcc/src/gcc/configure --enable-languages=c c++ ada fortran go lto objc obj-c++ d --enable-bootstrap --prefix=/usr --libdir=/usr/lib --libexecdir=/usr/lib --mandir=/usr/share/man --infodir=/usr/share/info --with-bugurl=https://bugs.archlinux.org/ --with-linker-hash-style=gnu --with-system-zlib --enable-__cxa_atexit --enable-cet=auto --enable-checking=release --enable-clocale=gnu --enable-default-pie --enable-default-ssp --enable-gnu-indirect-function --enable-gnu-unique-object --enable-linker-build-id --enable-lto --enable-multilib --enable-plugin --enable-shared --enable-threads=posix --disable-libssp --disable-libstdcxx-pch --disable-werror --with-build-config=bootstrap-lto --enable-link-serialization=1 gdc_include_dir=/usr/include/dlang/gdc]
  ignore line: [Thread model: posix]
  ignore line: [Supported LTO compression algorithms: zlib zstd]
  ignore line: [gcc version 11.2.0 (GCC) ]
  ignore line: [COLLECT_GCC_OPTIONS='-v' '-o' 'CMakeFiles/cmTC_368c2.dir/CMakeCXXCompilerABI.cpp.o' '-c' '-shared-libgcc' '-mtune=generic' '-march=x86-64' '-dumpdir' 'CMakeFiles/cmTC_368c2.dir/']
  ignore line: [ /usr/lib/gcc/x86_64-pc-linux-gnu/11.2.0/cc1plus -quiet -v -D_GNU_SOURCE /usr/share/cmake/Modules/CMakeCXXCompilerABI.cpp -quiet -dumpdir CMakeFiles/cmTC_368c2.dir/ -dumpbase CMakeCXXCompilerABI.cpp.cpp -dumpbase-ext .cpp -mtune=generic -march=x86-64 -version -o /tmp/cch9QSba.s]
  ignore line: [GNU C++17 (GCC) version 11.2.0 (x86_64-pc-linux-gnu)]
  ignore line: [	compiled by GNU C version 11.2.0  GMP version 6.2.1  MPFR version 4.1.0-p13  MPC version 1.2.1  isl version isl-0.24-GMP]
  ignore line: []
  ignore line: [GGC heuristics: --param ggc-min-expand=100 --param ggc-min-heapsize=131072]
  ignore line: [ignoring nonexistent directory "/usr/lib/gcc/x86_64-pc-linux-gnu/11.2.0/../../../../x86_64-pc-linux-gnu/include"]
  ignore line: [#include "..." search starts here:]
  ignore line: [#include <...> search starts here:]
  ignore line: [ /opt/intel/oneapi/mkl/2021.3.0/include]
  ignore line: [ /opt/intel/oneapi/compiler/2021.3.0/linux/include]
  ignore line: [ /opt/intel/oneapi/tbb/2021.3.0/include]
  ignore line: [ /usr/lib/gcc/x86_64-pc-linux-gnu/11.2.0/../../../../include/c++/11.2.0]
  ignore line: [ /usr/lib/gcc/x86_64-pc-linux-gnu/11.2.0/../../../../include/c++/11.2.0/x86_64-pc-linux-gnu]
  ignore line: [ /usr/lib/gcc/x86_64-pc-linux-gnu/11.2.0/../../../../include/c++/11.2.0/backward]
  ignore line: [ /usr/lib/gcc/x86_64-pc-linux-gnu/11.2.0/include]
  ignore line: [ /usr/local/include]
  ignore line: [ /usr/lib/gcc/x86_64-pc-linux-gnu/11.2.0/include-fixed]
  ignore line: [ /usr/include]
  ignore line: [End of search list.]
  ignore line: [GNU C++17 (GCC) version 11.2.0 (x86_64-pc-linux-gnu)]
  ignore line: [	compiled by GNU C version 11.2.0  GMP version 6.2.1  MPFR version 4.1.0-p13  MPC version 1.2.1  isl version isl-0.24-GMP]
  ignore line: []
  ignore line: [GGC heuristics: --param ggc-min-expand=100 --param ggc-min-heapsize=131072]
  ignore line: [Compiler executable checksum: 37973183ac4df241cfcce263334987c1]
  ignore line: [COLLECT_GCC_OPTIONS='-v' '-o' 'CMakeFiles/cmTC_368c2.dir/CMakeCXXCompilerABI.cpp.o' '-c' '-shared-libgcc' '-mtune=generic' '-march=x86-64' '-dumpdir' 'CMakeFiles/cmTC_368c2.dir/']
  ignore line: [ as -v --64 -o CMakeFiles/cmTC_368c2.dir/CMakeCXXCompilerABI.cpp.o /tmp/cch9QSba.s]
  ignore line: [GNU assembler version 2.38 (x86_64-pc-linux-gnu) using BFD version (GNU Binutils) 2.38]
  ignore line: [COMPILER_PATH=/usr/lib/gcc/x86_64-pc-linux-gnu/11.2.0/:/usr/lib/gcc/x86_64-pc-linux-gnu/11.2.0/:/usr/lib/gcc/x86_64-pc-linux-gnu/:/usr/lib/gcc/x86_64-pc-linux-gnu/11.2.0/:/usr/lib/gcc/x86_64-pc-linux-gnu/]
  ignore line: [LIBRARY_PATH=/opt/intel/oneapi/compiler/2021.3.0/linux/lib/../lib/:/usr/lib/gcc/x86_64-pc-linux-gnu/11.2.0/:/usr/lib/gcc/x86_64-pc-linux-gnu/11.2.0/../../../../lib/:/lib/../lib/:/usr/lib/../lib/:/opt/intel/oneapi/mkl/2021.3.0/lib/intel64/:/opt/intel/oneapi/compiler/2021.3.0/linux/lib/:/opt/intel/oneapi/tbb/2021.3.0/lib/intel64/gcc4.8/:/usr/lib/gcc/x86_64-pc-linux-gnu/11.2.0/../../../:/lib/:/usr/lib/]
  ignore line: [COLLECT_GCC_OPTIONS='-v' '-o' 'CMakeFiles/cmTC_368c2.dir/CMakeCXXCompilerABI.cpp.o' '-c' '-shared-libgcc' '-mtune=generic' '-march=x86-64' '-dumpdir' 'CMakeFiles/cmTC_368c2.dir/CMakeCXXCompilerABI.cpp.']
  ignore line: [Linking CXX executable cmTC_368c2]
  ignore line: [/usr/bin/cmake -E cmake_link_script CMakeFiles/cmTC_368c2.dir/link.txt --verbose=1]
  ignore line: [/usr/bin/c++  -v CMakeFiles/cmTC_368c2.dir/CMakeCXXCompilerABI.cpp.o -o cmTC_368c2 ]
  ignore line: [Using built-in specs.]
  ignore line: [COLLECT_GCC=/usr/bin/c++]
  ignore line: [COLLECT_LTO_WRAPPER=/usr/lib/gcc/x86_64-pc-linux-gnu/11.2.0/lto-wrapper]
  ignore line: [Target: x86_64-pc-linux-gnu]
  ignore line: [Configured with: /build/gcc/src/gcc/configure --enable-languages=c c++ ada fortran go lto objc obj-c++ d --enable-bootstrap --prefix=/usr --libdir=/usr/lib --libexecdir=/usr/lib --mandir=/usr/share/man --infodir=/usr/share/info --with-bugurl=https://bugs.archlinux.org/ --with-linker-hash-style=gnu --with-system-zlib --enable-__cxa_atexit --enable-cet=auto --enable-checking=release --enable-clocale=gnu --enable-default-pie --enable-default-ssp --enable-gnu-indirect-function --enable-gnu-unique-object --enable-linker-build-id --enable-lto --enable-multilib --enable-plugin --enable-shared --enable-threads=posix --disable-libssp --disable-libstdcxx-pch --disable-werror --with-build-config=bootstrap-lto --enable-link-serialization=1 gdc_include_dir=/usr/include/dlang/gdc]
  ignore line: [Thread model: posix]
  ignore line: [Supported LTO compression algorithms: zlib zstd]
  ignore line: [gcc version 11.2.0 (GCC) ]
  ignore line: [COMPILER_PATH=/usr/lib/gcc/x86_64-pc-linux-gnu/11.2.0/:/usr/lib/gcc/x86_64-pc-linux-gnu/11.2.0/:/usr/lib/gcc/x86_64-pc-linux-gnu/:/usr/lib/gcc/x86_64-pc-linux-gnu/11.2.0/:/usr/lib/gcc/x86_64-pc-linux-gnu/]
  ignore line: [LIBRARY_PATH=/opt/intel/oneapi/compiler/2021.3.0/linux/lib/../lib/:/usr/lib/gcc/x86_64-pc-linux-gnu/11.2.0/:/usr/lib/gcc/x86_64-pc-linux-gnu/11.2.0/../../../../lib/:/lib/../lib/:/usr/lib/../lib/:/opt/intel/oneapi/mkl/2021.3.0/lib/intel64/:/opt/intel/oneapi/compiler/2021.3.0/linux/lib/:/opt/intel/oneapi/tbb/2021.3.0/lib/intel64/gcc4.8/:/usr/lib/gcc/x86_64-pc-linux-gnu/11.2.0/../../../:/lib/:/usr/lib/]
  ignore line: [COLLECT_GCC_OPTIONS='-v' '-o' 'cmTC_368c2' '-shared-libgcc' '-mtune=generic' '-march=x86-64' '-dumpdir' 'cmTC_368c2.']
  link line: [ /usr/lib/gcc/x86_64-pc-linux-gnu/11.2.0/collect2 -plugin /usr/lib/gcc/x86_64-pc-linux-gnu/11.2.0/liblto_plugin.so -plugin-opt=/usr/lib/gcc/x86_64-pc-linux-gnu/11.2.0/lto-wrapper -plugin-opt=-fresolution=/tmp/cc8rvn82.res -plugin-opt=-pass-through=-lgcc_s -plugin-opt=-pass-through=-lgcc -plugin-opt=-pass-through=-lc -plugin-opt=-pass-through=-lgcc_s -plugin-opt=-pass-through=-lgcc --build-id --eh-frame-hdr --hash-style=gnu -m elf_x86_64 -dynamic-linker /lib64/ld-linux-x86-64.so.2 -pie -o cmTC_368c2 /usr/lib/gcc/x86_64-pc-linux-gnu/11.2.0/../../../../lib/Scrt1.o /usr/lib/gcc/x86_64-pc-linux-gnu/11.2.0/../../../../lib/crti.o /usr/lib/gcc/x86_64-pc-linux-gnu/11.2.0/crtbeginS.o -L/opt/intel/oneapi/compiler/2021.3.0/linux/lib/../lib -L/usr/lib/gcc/x86_64-pc-linux-gnu/11.2.0 -L/usr/lib/gcc/x86_64-pc-linux-gnu/11.2.0/../../../../lib -L/lib/../lib -L/usr/lib/../lib -L/opt/intel/oneapi/mkl/2021.3.0/lib/intel64 -L/opt/intel/oneapi/compiler/2021.3.0/linux/lib -L/opt/intel/oneapi/tbb/2021.3.0/lib/intel64/gcc4.8 -L/usr/lib/gcc/x86_64-pc-linux-gnu/11.2.0/../../.. CMakeFiles/cmTC_368c2.dir/CMakeCXXCompilerABI.cpp.o -lstdc++ -lm -lgcc_s -lgcc -lc -lgcc_s -lgcc /usr/lib/gcc/x86_64-pc-linux-gnu/11.2.0/crtendS.o /usr/lib/gcc/x86_64-pc-linux-gnu/11.2.0/../../../../lib/crtn.o]
    arg [/usr/lib/gcc/x86_64-pc-linux-gnu/11.2.0/collect2] ==> ignore
    arg [-plugin] ==> ignore
    arg [/usr/lib/gcc/x86_64-pc-linux-gnu/11.2.0/liblto_plugin.so] ==> ignore
    arg [-plugin-opt=/usr/lib/gcc/x86_64-pc-linux-gnu/11.2.0/lto-wrapper] ==> ignore
    arg [-plugin-opt=-fresolution=/tmp/cc8rvn82.res] ==> ignore
    arg [-plugin-opt=-pass-through=-lgcc_s] ==> ignore
    arg [-plugin-opt=-pass-through=-lgcc] ==> ignore
    arg [-plugin-opt=-pass-through=-lc] ==> ignore
    arg [-plugin-opt=-pass-through=-lgcc_s] ==> ignore
    arg [-plugin-opt=-pass-through=-lgcc] ==> ignore
    arg [--build-id] ==> ignore
    arg [--eh-frame-hdr] ==> ignore
    arg [--hash-style=gnu] ==> ignore
    arg [-m] ==> ignore
    arg [elf_x86_64] ==> ignore
    arg [-dynamic-linker] ==> ignore
    arg [/lib64/ld-linux-x86-64.so.2] ==> ignore
    arg [-pie] ==> ignore
    arg [-o] ==> ignore
    arg [cmTC_368c2] ==> ignore
    arg [/usr/lib/gcc/x86_64-pc-linux-gnu/11.2.0/../../../../lib/Scrt1.o] ==> obj [/usr/lib/gcc/x86_64-pc-linux-gnu/11.2.0/../../../../lib/Scrt1.o]
    arg [/usr/lib/gcc/x86_64-pc-linux-gnu/11.2.0/../../../../lib/crti.o] ==> obj [/usr/lib/gcc/x86_64-pc-linux-gnu/11.2.0/../../../../lib/crti.o]
    arg [/usr/lib/gcc/x86_64-pc-linux-gnu/11.2.0/crtbeginS.o] ==> obj [/usr/lib/gcc/x86_64-pc-linux-gnu/11.2.0/crtbeginS.o]
    arg [-L/opt/intel/oneapi/compiler/2021.3.0/linux/lib/../lib] ==> dir [/opt/intel/oneapi/compiler/2021.3.0/linux/lib/../lib]
    arg [-L/usr/lib/gcc/x86_64-pc-linux-gnu/11.2.0] ==> dir [/usr/lib/gcc/x86_64-pc-linux-gnu/11.2.0]
    arg [-L/usr/lib/gcc/x86_64-pc-linux-gnu/11.2.0/../../../../lib] ==> dir [/usr/lib/gcc/x86_64-pc-linux-gnu/11.2.0/../../../../lib]
    arg [-L/lib/../lib] ==> dir [/lib/../lib]
    arg [-L/usr/lib/../lib] ==> dir [/usr/lib/../lib]
    arg [-L/opt/intel/oneapi/mkl/2021.3.0/lib/intel64] ==> dir [/opt/intel/oneapi/mkl/2021.3.0/lib/intel64]
    arg [-L/opt/intel/oneapi/compiler/2021.3.0/linux/lib] ==> dir [/opt/intel/oneapi/compiler/2021.3.0/linux/lib]
    arg [-L/opt/intel/oneapi/tbb/2021.3.0/lib/intel64/gcc4.8] ==> dir [/opt/intel/oneapi/tbb/2021.3.0/lib/intel64/gcc4.8]
    arg [-L/usr/lib/gcc/x86_64-pc-linux-gnu/11.2.0/../../..] ==> dir [/usr/lib/gcc/x86_64-pc-linux-gnu/11.2.0/../../..]
    arg [CMakeFiles/cmTC_368c2.dir/CMakeCXXCompilerABI.cpp.o] ==> ignore
    arg [-lstdc++] ==> lib [stdc++]
    arg [-lm] ==> lib [m]
    arg [-lgcc_s] ==> lib [gcc_s]
    arg [-lgcc] ==> lib [gcc]
    arg [-lc] ==> lib [c]
    arg [-lgcc_s] ==> lib [gcc_s]
    arg [-lgcc] ==> lib [gcc]
    arg [/usr/lib/gcc/x86_64-pc-linux-gnu/11.2.0/crtendS.o] ==> obj [/usr/lib/gcc/x86_64-pc-linux-gnu/11.2.0/crtendS.o]
    arg [/usr/lib/gcc/x86_64-pc-linux-gnu/11.2.0/../../../../lib/crtn.o] ==> obj [/usr/lib/gcc/x86_64-pc-linux-gnu/11.2.0/../../../../lib/crtn.o]
  collapse obj [/usr/lib/gcc/x86_64-pc-linux-gnu/11.2.0/../../../../lib/Scrt1.o] ==> [/usr/lib/Scrt1.o]
  collapse obj [/usr/lib/gcc/x86_64-pc-linux-gnu/11.2.0/../../../../lib/crti.o] ==> [/usr/lib/crti.o]
  collapse obj [/usr/lib/gcc/x86_64-pc-linux-gnu/11.2.0/../../../../lib/crtn.o] ==> [/usr/lib/crtn.o]
  collapse library dir [/opt/intel/oneapi/compiler/2021.3.0/linux/lib/../lib] ==> [/opt/intel/oneapi/compiler/2021.3.0/linux/lib]
  collapse library dir [/usr/lib/gcc/x86_64-pc-linux-gnu/11.2.0] ==> [/usr/lib/gcc/x86_64-pc-linux-gnu/11.2.0]
  collapse library dir [/usr/lib/gcc/x86_64-pc-linux-gnu/11.2.0/../../../../lib] ==> [/usr/lib]
  collapse library dir [/lib/../lib] ==> [/lib]
  collapse library dir [/usr/lib/../lib] ==> [/usr/lib]
  collapse library dir [/opt/intel/oneapi/mkl/2021.3.0/lib/intel64] ==> [/opt/intel/oneapi/mkl/2021.3.0/lib/intel64]
  collapse library dir [/opt/intel/oneapi/compiler/2021.3.0/linux/lib] ==> [/opt/intel/oneapi/compiler/2021.3.0/linux/lib]
  collapse library dir [/opt/intel/oneapi/tbb/2021.3.0/lib/intel64/gcc4.8] ==> [/opt/intel/oneapi/tbb/2021.3.0/lib/intel64/gcc4.8]
  collapse library dir [/usr/lib/gcc/x86_64-pc-linux-gnu/11.2.0/../../..] ==> [/usr/lib]
  implicit libs: [stdc++;m;gcc_s;gcc;c;gcc_s;gcc]
  implicit objs: [/usr/lib/Scrt1.o;/usr/lib/crti.o;/usr/lib/gcc/x86_64-pc-linux-gnu/11.2.0/crtbeginS.o;/usr/lib/gcc/x86_64-pc-linux-gnu/11.2.0/crtendS.o;/usr/lib/crtn.o]
  implicit dirs: [/opt/intel/oneapi/compiler/2021.3.0/linux/lib;/usr/lib/gcc/x86_64-pc-linux-gnu/11.2.0;/usr/lib;/lib;/opt/intel/oneapi/mkl/2021.3.0/lib/intel64;/opt/intel/oneapi/tbb/2021.3.0/lib/intel64/gcc4.8]
  implicit fwks: []


Determining if the function cos exists in the m passed with the following output:
Change Dir: /home/alexander/Science/libgrpp/libgrpp/gsl/CMakeFiles/CMakeTmp

Run Build Command(s):/usr/bin/make -f Makefile cmTC_0bb11/fast && /usr/bin/make  -f CMakeFiles/cmTC_0bb11.dir/build.make CMakeFiles/cmTC_0bb11.dir/build
make[1]: Entering directory '/home/alexander/Science/libgrpp/libgrpp/gsl/CMakeFiles/CMakeTmp'
Building C object CMakeFiles/cmTC_0bb11.dir/CheckFunctionExists.c.o
/usr/bin/gcc   -DCHECK_FUNCTION_EXISTS=cos -o CMakeFiles/cmTC_0bb11.dir/CheckFunctionExists.c.o -c /usr/share/cmake/Modules/CheckFunctionExists.c
<command-line>: warning: conflicting types for built-in function ‘cos’; expected ‘double(double)’ [-Wbuiltin-declaration-mismatch]
/usr/share/cmake/Modules/CheckFunctionExists.c:7:3: note: in expansion of macro ‘CHECK_FUNCTION_EXISTS’
    7 |   CHECK_FUNCTION_EXISTS(void);
      |   ^~~~~~~~~~~~~~~~~~~~~
/usr/share/cmake/Modules/CheckFunctionExists.c:1:1: note: ‘cos’ is declared in header ‘<math.h>’
  +++ |+#include <math.h>
    1 | #ifdef CHECK_FUNCTION_EXISTS
Linking C executable cmTC_0bb11
/usr/bin/cmake -E cmake_link_script CMakeFiles/cmTC_0bb11.dir/link.txt --verbose=1
/usr/bin/gcc  -DCHECK_FUNCTION_EXISTS=cos CMakeFiles/cmTC_0bb11.dir/CheckFunctionExists.c.o -o cmTC_0bb11  -lm 
make[1]: Leaving directory '/home/alexander/Science/libgrpp/libgrpp/gsl/CMakeFiles/CMakeTmp'



Performing C SOURCE FILE Test C_HAS_inline succeeded with the following output:
Change Dir: /home/alexander/Science/libgrpp/libgrpp/gsl/CMakeFiles/CMakeTmp

Run Build Command(s):/usr/bin/make -f Makefile cmTC_c27fa/fast && /usr/bin/make  -f CMakeFiles/cmTC_c27fa.dir/build.make CMakeFiles/cmTC_c27fa.dir/build
make[1]: Entering directory '/home/alexander/Science/libgrpp/libgrpp/gsl/CMakeFiles/CMakeTmp'
Building C object CMakeFiles/cmTC_c27fa.dir/src.c.o
/usr/bin/gcc -DC_HAS_inline   -o CMakeFiles/cmTC_c27fa.dir/src.c.o -c /home/alexander/Science/libgrpp/libgrpp/gsl/CMakeFiles/CMakeTmp/src.c
/home/alexander/Science/libgrpp/libgrpp/gsl/CMakeFiles/CMakeTmp/src.c: In function ‘foo’:
/home/alexander/Science/libgrpp/libgrpp/gsl/CMakeFiles/CMakeTmp/src.c:2:39: warning: ‘return’ with a value, in function returning void
    2 |     static inline void foo() { return 0; }
      |                                       ^
/home/alexander/Science/libgrpp/libgrpp/gsl/CMakeFiles/CMakeTmp/src.c:2:24: note: declared here
    2 |     static inline void foo() { return 0; }
      |                        ^~~
Linking C executable cmTC_c27fa
/usr/bin/cmake -E cmake_link_script CMakeFiles/cmTC_c27fa.dir/link.txt --verbose=1
/usr/bin/gcc CMakeFiles/cmTC_c27fa.dir/src.c.o -o cmTC_c27fa  -lm 
make[1]: Leaving directory '/home/alexander/Science/libgrpp/libgrpp/gsl/CMakeFiles/CMakeTmp'


Source file was:

    static inline void foo() { return 0; }
    int main() {}
Performing C SOURCE FILE Test C_C99INLINE succeeded with the following output:
Change Dir: /home/alexander/Science/libgrpp/libgrpp/gsl/CMakeFiles/CMakeTmp

Run Build Command(s):/usr/bin/make -f Makefile cmTC_ed935/fast && /usr/bin/make  -f CMakeFiles/cmTC_ed935.dir/build.make CMakeFiles/cmTC_ed935.dir/build
make[1]: Entering directory '/home/alexander/Science/libgrpp/libgrpp/gsl/CMakeFiles/CMakeTmp'
Building C object CMakeFiles/cmTC_ed935.dir/src.c.o
/usr/bin/gcc -DC_C99INLINE   -o CMakeFiles/cmTC_ed935.dir/src.c.o -c /home/alexander/Science/libgrpp/libgrpp/gsl/CMakeFiles/CMakeTmp/src.c
Linking C executable cmTC_ed935
/usr/bin/cmake -E cmake_link_script CMakeFiles/cmTC_ed935.dir/link.txt --verbose=1
/usr/bin/gcc CMakeFiles/cmTC_ed935.dir/src.c.o -o cmTC_ed935  -lm 
make[1]: Leaving directory '/home/alexander/Science/libgrpp/libgrpp/gsl/CMakeFiles/CMakeTmp'


Source file was:

      extern inline void* foo() { foo(); return &foo; }
      int main() { return foo() != 0; }
Determining if files dlfcn.h exist passed with the following output:
Change Dir: /home/alexander/Science/libgrpp/libgrpp/gsl/CMakeFiles/CMakeTmp

Run Build Command(s):/usr/bin/make -f Makefile cmTC_6910e/fast && /usr/bin/make  -f CMakeFiles/cmTC_6910e.dir/build.make CMakeFiles/cmTC_6910e.dir/build
make[1]: Entering directory '/home/alexander/Science/libgrpp/libgrpp/gsl/CMakeFiles/CMakeTmp'
Building C object CMakeFiles/cmTC_6910e.dir/HAVE_DLFCN_H.c.o
/usr/bin/gcc    -o CMakeFiles/cmTC_6910e.dir/HAVE_DLFCN_H.c.o -c /home/alexander/Science/libgrpp/libgrpp/gsl/CMakeFiles/CheckIncludeFiles/HAVE_DLFCN_H.c
Linking C executable cmTC_6910e
/usr/bin/cmake -E cmake_link_script CMakeFiles/cmTC_6910e.dir/link.txt --verbose=1
/usr/bin/gcc CMakeFiles/cmTC_6910e.dir/HAVE_DLFCN_H.c.o -o cmTC_6910e 
make[1]: Leaving directory '/home/alexander/Science/libgrpp/libgrpp/gsl/CMakeFiles/CMakeTmp'



Determining if files inttypes.h exist passed with the following output:
Change Dir: /home/alexander/Science/libgrpp/libgrpp/gsl/CMakeFiles/CMakeTmp

Run Build Command(s):/usr/bin/make -f Makefile cmTC_7f8c3/fast && /usr/bin/make  -f CMakeFiles/cmTC_7f8c3.dir/build.make CMakeFiles/cmTC_7f8c3.dir/build
make[1]: Entering directory '/home/alexander/Science/libgrpp/libgrpp/gsl/CMakeFiles/CMakeTmp'
Building C object CMakeFiles/cmTC_7f8c3.dir/HAVE_INTTYPES_H.c.o
/usr/bin/gcc    -o CMakeFiles/cmTC_7f8c3.dir/HAVE_INTTYPES_H.c.o -c /home/alexander/Science/libgrpp/libgrpp/gsl/CMakeFiles/CheckIncludeFiles/HAVE_INTTYPES_H.c
Linking C executable cmTC_7f8c3
/usr/bin/cmake -E cmake_link_script CMakeFiles/cmTC_7f8c3.dir/link.txt --verbose=1
/usr/bin/gcc CMakeFiles/cmTC_7f8c3.dir/HAVE_INTTYPES_H.c.o -o cmTC_7f8c3 
make[1]: Leaving directory '/home/alexander/Science/libgrpp/libgrpp/gsl/CMakeFiles/CMakeTmp'



Determining if files memory.h exist passed with the following output:
Change Dir: /home/alexander/Science/libgrpp/libgrpp/gsl/CMakeFiles/CMakeTmp

Run Build Command(s):/usr/bin/make -f Makefile cmTC_60918/fast && /usr/bin/make  -f CMakeFiles/cmTC_60918.dir/build.make CMakeFiles/cmTC_60918.dir/build
make[1]: Entering directory '/home/alexander/Science/libgrpp/libgrpp/gsl/CMakeFiles/CMakeTmp'
Building C object CMakeFiles/cmTC_60918.dir/HAVE_MEMORY_H.c.o
/usr/bin/gcc    -o CMakeFiles/cmTC_60918.dir/HAVE_MEMORY_H.c.o -c /home/alexander/Science/libgrpp/libgrpp/gsl/CMakeFiles/CheckIncludeFiles/HAVE_MEMORY_H.c
Linking C executable cmTC_60918
/usr/bin/cmake -E cmake_link_script CMakeFiles/cmTC_60918.dir/link.txt --verbose=1
/usr/bin/gcc CMakeFiles/cmTC_60918.dir/HAVE_MEMORY_H.c.o -o cmTC_60918 
make[1]: Leaving directory '/home/alexander/Science/libgrpp/libgrpp/gsl/CMakeFiles/CMakeTmp'



Determining if files stdint.h exist passed with the following output:
Change Dir: /home/alexander/Science/libgrpp/libgrpp/gsl/CMakeFiles/CMakeTmp

Run Build Command(s):/usr/bin/make -f Makefile cmTC_d81dd/fast && /usr/bin/make  -f CMakeFiles/cmTC_d81dd.dir/build.make CMakeFiles/cmTC_d81dd.dir/build
make[1]: Entering directory '/home/alexander/Science/libgrpp/libgrpp/gsl/CMakeFiles/CMakeTmp'
Building C object CMakeFiles/cmTC_d81dd.dir/HAVE_STDINT_H.c.o
/usr/bin/gcc    -o CMakeFiles/cmTC_d81dd.dir/HAVE_STDINT_H.c.o -c /home/alexander/Science/libgrpp/libgrpp/gsl/CMakeFiles/CheckIncludeFiles/HAVE_STDINT_H.c
Linking C executable cmTC_d81dd
/usr/bin/cmake -E cmake_link_script CMakeFiles/cmTC_d81dd.dir/link.txt --verbose=1
/usr/bin/gcc CMakeFiles/cmTC_d81dd.dir/HAVE_STDINT_H.c.o -o cmTC_d81dd 
make[1]: Leaving directory '/home/alexander/Science/libgrpp/libgrpp/gsl/CMakeFiles/CMakeTmp'



Determining if files stdlib.h exist passed with the following output:
Change Dir: /home/alexander/Science/libgrpp/libgrpp/gsl/CMakeFiles/CMakeTmp

Run Build Command(s):/usr/bin/make -f Makefile cmTC_5b128/fast && /usr/bin/make  -f CMakeFiles/cmTC_5b128.dir/build.make CMakeFiles/cmTC_5b128.dir/build
make[1]: Entering directory '/home/alexander/Science/libgrpp/libgrpp/gsl/CMakeFiles/CMakeTmp'
Building C object CMakeFiles/cmTC_5b128.dir/HAVE_STDLIB_H.c.o
/usr/bin/gcc    -o CMakeFiles/cmTC_5b128.dir/HAVE_STDLIB_H.c.o -c /home/alexander/Science/libgrpp/libgrpp/gsl/CMakeFiles/CheckIncludeFiles/HAVE_STDLIB_H.c
Linking C executable cmTC_5b128
/usr/bin/cmake -E cmake_link_script CMakeFiles/cmTC_5b128.dir/link.txt --verbose=1
/usr/bin/gcc CMakeFiles/cmTC_5b128.dir/HAVE_STDLIB_H.c.o -o cmTC_5b128 
make[1]: Leaving directory '/home/alexander/Science/libgrpp/libgrpp/gsl/CMakeFiles/CMakeTmp'



Determining if files strings.h exist passed with the following output:
Change Dir: /home/alexander/Science/libgrpp/libgrpp/gsl/CMakeFiles/CMakeTmp

Run Build Command(s):/usr/bin/make -f Makefile cmTC_de330/fast && /usr/bin/make  -f CMakeFiles/cmTC_de330.dir/build.make CMakeFiles/cmTC_de330.dir/build
make[1]: Entering directory '/home/alexander/Science/libgrpp/libgrpp/gsl/CMakeFiles/CMakeTmp'
Building C object CMakeFiles/cmTC_de330.dir/HAVE_STRINGS_H.c.o
/usr/bin/gcc    -o CMakeFiles/cmTC_de330.dir/HAVE_STRINGS_H.c.o -c /home/alexander/Science/libgrpp/libgrpp/gsl/CMakeFiles/CheckIncludeFiles/HAVE_STRINGS_H.c
Linking C executable cmTC_de330
/usr/bin/cmake -E cmake_link_script CMakeFiles/cmTC_de330.dir/link.txt --verbose=1
/usr/bin/gcc CMakeFiles/cmTC_de330.dir/HAVE_STRINGS_H.c.o -o cmTC_de330 
make[1]: Leaving directory '/home/alexander/Science/libgrpp/libgrpp/gsl/CMakeFiles/CMakeTmp'



Determining if files string.h exist passed with the following output:
Change Dir: /home/alexander/Science/libgrpp/libgrpp/gsl/CMakeFiles/CMakeTmp

Run Build Command(s):/usr/bin/make -f Makefile cmTC_6037c/fast && /usr/bin/make  -f CMakeFiles/cmTC_6037c.dir/build.make CMakeFiles/cmTC_6037c.dir/build
make[1]: Entering directory '/home/alexander/Science/libgrpp/libgrpp/gsl/CMakeFiles/CMakeTmp'
Building C object CMakeFiles/cmTC_6037c.dir/HAVE_STRING_H.c.o
/usr/bin/gcc    -o CMakeFiles/cmTC_6037c.dir/HAVE_STRING_H.c.o -c /home/alexander/Science/libgrpp/libgrpp/gsl/CMakeFiles/CheckIncludeFiles/HAVE_STRING_H.c
Linking C executable cmTC_6037c
/usr/bin/cmake -E cmake_link_script CMakeFiles/cmTC_6037c.dir/link.txt --verbose=1
/usr/bin/gcc CMakeFiles/cmTC_6037c.dir/HAVE_STRING_H.c.o -o cmTC_6037c 
make[1]: Leaving directory '/home/alexander/Science/libgrpp/libgrpp/gsl/CMakeFiles/CMakeTmp'



Determining if files sys/stat.h exist passed with the following output:
Change Dir: /home/alexander/Science/libgrpp/libgrpp/gsl/CMakeFiles/CMakeTmp

Run Build Command(s):/usr/bin/make -f Makefile cmTC_ee65a/fast && /usr/bin/make  -f CMakeFiles/cmTC_ee65a.dir/build.make CMakeFiles/cmTC_ee65a.dir/build
make[1]: Entering directory '/home/alexander/Science/libgrpp/libgrpp/gsl/CMakeFiles/CMakeTmp'
Building C object CMakeFiles/cmTC_ee65a.dir/HAVE_SYS_STAT_H.c.o
/usr/bin/gcc    -o CMakeFiles/cmTC_ee65a.dir/HAVE_SYS_STAT_H.c.o -c /home/alexander/Science/libgrpp/libgrpp/gsl/CMakeFiles/CheckIncludeFiles/HAVE_SYS_STAT_H.c
Linking C executable cmTC_ee65a
/usr/bin/cmake -E cmake_link_script CMakeFiles/cmTC_ee65a.dir/link.txt --verbose=1
/usr/bin/gcc CMakeFiles/cmTC_ee65a.dir/HAVE_SYS_STAT_H.c.o -o cmTC_ee65a 
make[1]: Leaving directory '/home/alexander/Science/libgrpp/libgrpp/gsl/CMakeFiles/CMakeTmp'



Determining if files sys/types.h exist passed with the following output:
Change Dir: /home/alexander/Science/libgrpp/libgrpp/gsl/CMakeFiles/CMakeTmp

Run Build Command(s):/usr/bin/make -f Makefile cmTC_bb447/fast && /usr/bin/make  -f CMakeFiles/cmTC_bb447.dir/build.make CMakeFiles/cmTC_bb447.dir/build
make[1]: Entering directory '/home/alexander/Science/libgrpp/libgrpp/gsl/CMakeFiles/CMakeTmp'
Building C object CMakeFiles/cmTC_bb447.dir/HAVE_SYS_TYPES_H.c.o
/usr/bin/gcc    -o CMakeFiles/cmTC_bb447.dir/HAVE_SYS_TYPES_H.c.o -c /home/alexander/Science/libgrpp/libgrpp/gsl/CMakeFiles/CheckIncludeFiles/HAVE_SYS_TYPES_H.c
Linking C executable cmTC_bb447
/usr/bin/cmake -E cmake_link_script CMakeFiles/cmTC_bb447.dir/link.txt --verbose=1
/usr/bin/gcc CMakeFiles/cmTC_bb447.dir/HAVE_SYS_TYPES_H.c.o -o cmTC_bb447 
make[1]: Leaving directory '/home/alexander/Science/libgrpp/libgrpp/gsl/CMakeFiles/CMakeTmp'



Determining if files unistd.h exist passed with the following output:
Change Dir: /home/alexander/Science/libgrpp/libgrpp/gsl/CMakeFiles/CMakeTmp

Run Build Command(s):/usr/bin/make -f Makefile cmTC_c0e22/fast && /usr/bin/make  -f CMakeFiles/cmTC_c0e22.dir/build.make CMakeFiles/cmTC_c0e22.dir/build
make[1]: Entering directory '/home/alexander/Science/libgrpp/libgrpp/gsl/CMakeFiles/CMakeTmp'
Building C object CMakeFiles/cmTC_c0e22.dir/HAVE_UNISTD_H.c.o
/usr/bin/gcc    -o CMakeFiles/cmTC_c0e22.dir/HAVE_UNISTD_H.c.o -c /home/alexander/Science/libgrpp/libgrpp/gsl/CMakeFiles/CheckIncludeFiles/HAVE_UNISTD_H.c
Linking C executable cmTC_c0e22
/usr/bin/cmake -E cmake_link_script CMakeFiles/cmTC_c0e22.dir/link.txt --verbose=1
/usr/bin/gcc CMakeFiles/cmTC_c0e22.dir/HAVE_UNISTD_H.c.o -o cmTC_c0e22 
make[1]: Leaving directory '/home/alexander/Science/libgrpp/libgrpp/gsl/CMakeFiles/CMakeTmp'



Determining if files stdio.h exist passed with the following output:
Change Dir: /home/alexander/Science/libgrpp/libgrpp/gsl/CMakeFiles/CMakeTmp

Run Build Command(s):/usr/bin/make -f Makefile cmTC_4b5ba/fast && /usr/bin/make  -f CMakeFiles/cmTC_4b5ba.dir/build.make CMakeFiles/cmTC_4b5ba.dir/build
make[1]: Entering directory '/home/alexander/Science/libgrpp/libgrpp/gsl/CMakeFiles/CMakeTmp'
Building C object CMakeFiles/cmTC_4b5ba.dir/STDC_HEADERS.c.o
/usr/bin/gcc    -o CMakeFiles/cmTC_4b5ba.dir/STDC_HEADERS.c.o -c /home/alexander/Science/libgrpp/libgrpp/gsl/CMakeFiles/CheckIncludeFiles/STDC_HEADERS.c
Linking C executable cmTC_4b5ba
/usr/bin/cmake -E cmake_link_script CMakeFiles/cmTC_4b5ba.dir/link.txt --verbose=1
/usr/bin/gcc CMakeFiles/cmTC_4b5ba.dir/STDC_HEADERS.c.o -o cmTC_4b5ba 
make[1]: Leaving directory '/home/alexander/Science/libgrpp/libgrpp/gsl/CMakeFiles/CMakeTmp'



Performing C SOURCE FILE Test HAVE_FPU_SETCW succeeded with the following output:
Change Dir: /home/alexander/Science/libgrpp/libgrpp/gsl/CMakeFiles/CMakeTmp

Run Build Command(s):/usr/bin/make -f Makefile cmTC_8daef/fast && /usr/bin/make  -f CMakeFiles/cmTC_8daef.dir/build.make CMakeFiles/cmTC_8daef.dir/build
make[1]: Entering directory '/home/alexander/Science/libgrpp/libgrpp/gsl/CMakeFiles/CMakeTmp'
Building C object CMakeFiles/cmTC_8daef.dir/src.c.o
/usr/bin/gcc -DHAVE_FPU_SETCW   -o CMakeFiles/cmTC_8daef.dir/src.c.o -c /home/alexander/Science/libgrpp/libgrpp/gsl/CMakeFiles/CMakeTmp/src.c
Linking C executable cmTC_8daef
/usr/bin/cmake -E cmake_link_script CMakeFiles/cmTC_8daef.dir/link.txt --verbose=1
/usr/bin/gcc CMakeFiles/cmTC_8daef.dir/src.c.o -o cmTC_8daef  -lm 
make[1]: Leaving directory '/home/alexander/Science/libgrpp/libgrpp/gsl/CMakeFiles/CMakeTmp'


Source file was:

    #include <fpu_control.h>
    #ifndef _FPU_SETCW
    #include <i386/fpu_control.h>
    #define _FPU_SETCW(cw) __setfpucw(cw)
    #endif
    int main() { unsigned short mode = 0 ; _FPU_SETCW(mode); }
Performing C SOURCE FILE Test HAVE_FPU_X86_SSE succeeded with the following output:
Change Dir: /home/alexander/Science/libgrpp/libgrpp/gsl/CMakeFiles/CMakeTmp

Run Build Command(s):/usr/bin/make -f Makefile cmTC_6212d/fast && /usr/bin/make  -f CMakeFiles/cmTC_6212d.dir/build.make CMakeFiles/cmTC_6212d.dir/build
make[1]: Entering directory '/home/alexander/Science/libgrpp/libgrpp/gsl/CMakeFiles/CMakeTmp'
Building C object CMakeFiles/cmTC_6212d.dir/src.c.o
/usr/bin/gcc -DHAVE_FPU_X86_SSE   -o CMakeFiles/cmTC_6212d.dir/src.c.o -c /home/alexander/Science/libgrpp/libgrpp/gsl/CMakeFiles/CMakeTmp/src.c
Linking C executable cmTC_6212d
/usr/bin/cmake -E cmake_link_script CMakeFiles/cmTC_6212d.dir/link.txt --verbose=1
/usr/bin/gcc CMakeFiles/cmTC_6212d.dir/src.c.o -o cmTC_6212d  -lm 
make[1]: Leaving directory '/home/alexander/Science/libgrpp/libgrpp/gsl/CMakeFiles/CMakeTmp'


Source file was:

    #include <stdlib.h>
    #define _FPU_SETMXCSR(cw) asm volatile ("ldmxcsr %0" : : "m" (*&cw))
    int main() { unsigned int mode = 0x1f80 ; _FPU_SETMXCSR(mode); exit(0); }
Determining if the EXIT_SUCCESS exist passed with the following output:
Change Dir: /home/alexander/Science/libgrpp/libgrpp/gsl/CMakeFiles/CMakeTmp

Run Build Command(s):/usr/bin/make -f Makefile cmTC_066cc/fast && /usr/bin/make  -f CMakeFiles/cmTC_066cc.dir/build.make CMakeFiles/cmTC_066cc.dir/build
make[1]: Entering directory '/home/alexander/Science/libgrpp/libgrpp/gsl/CMakeFiles/CMakeTmp'
Building C object CMakeFiles/cmTC_066cc.dir/CheckSymbolExists.c.o
/usr/bin/gcc    -o CMakeFiles/cmTC_066cc.dir/CheckSymbolExists.c.o -c /home/alexander/Science/libgrpp/libgrpp/gsl/CMakeFiles/CMakeTmp/CheckSymbolExists.c
Linking C executable cmTC_066cc
/usr/bin/cmake -E cmake_link_script CMakeFiles/cmTC_066cc.dir/link.txt --verbose=1
/usr/bin/gcc CMakeFiles/cmTC_066cc.dir/CheckSymbolExists.c.o -o cmTC_066cc  -lm 
make[1]: Leaving directory '/home/alexander/Science/libgrpp/libgrpp/gsl/CMakeFiles/CMakeTmp'


File /home/alexander/Science/libgrpp/libgrpp/gsl/CMakeFiles/CMakeTmp/CheckSymbolExists.c:
/* */
#include <stdlib.h>

int main(int argc, char** argv)
{
  (void)argv;
#ifndef EXIT_SUCCESS
  return ((int*)(&EXIT_SUCCESS))[argc];
#else
  (void)argc;
  return 0;
#endif
}
Determining if the EXIT_FAILURE exist passed with the following output:
Change Dir: /home/alexander/Science/libgrpp/libgrpp/gsl/CMakeFiles/CMakeTmp

Run Build Command(s):/usr/bin/make -f Makefile cmTC_0c5ce/fast && /usr/bin/make  -f CMakeFiles/cmTC_0c5ce.dir/build.make CMakeFiles/cmTC_0c5ce.dir/build
make[1]: Entering directory '/home/alexander/Science/libgrpp/libgrpp/gsl/CMakeFiles/CMakeTmp'
Building C object CMakeFiles/cmTC_0c5ce.dir/CheckSymbolExists.c.o
/usr/bin/gcc    -o CMakeFiles/cmTC_0c5ce.dir/CheckSymbolExists.c.o -c /home/alexander/Science/libgrpp/libgrpp/gsl/CMakeFiles/CMakeTmp/CheckSymbolExists.c
Linking C executable cmTC_0c5ce
/usr/bin/cmake -E cmake_link_script CMakeFiles/cmTC_0c5ce.dir/link.txt --verbose=1
/usr/bin/gcc CMakeFiles/cmTC_0c5ce.dir/CheckSymbolExists.c.o -o cmTC_0c5ce  -lm 
make[1]: Leaving directory '/home/alexander/Science/libgrpp/libgrpp/gsl/CMakeFiles/CMakeTmp'


File /home/alexander/Science/libgrpp/libgrpp/gsl/CMakeFiles/CMakeTmp/CheckSymbolExists.c:
/* */
#include <stdlib.h>

int main(int argc, char** argv)
{
  (void)argv;
#ifndef EXIT_FAILURE
  return ((int*)(&EXIT_FAILURE))[argc];
#else
  (void)argc;
  return 0;
#endif
}
Determining if the feenableexcept exist passed with the following output:
Change Dir: /home/alexander/Science/libgrpp/libgrpp/gsl/CMakeFiles/CMakeTmp

Run Build Command(s):/usr/bin/make -f Makefile cmTC_5eff5/fast && /usr/bin/make  -f CMakeFiles/cmTC_5eff5.dir/build.make CMakeFiles/cmTC_5eff5.dir/build
make[1]: Entering directory '/home/alexander/Science/libgrpp/libgrpp/gsl/CMakeFiles/CMakeTmp'
Building C object CMakeFiles/cmTC_5eff5.dir/CheckSymbolExists.c.o
/usr/bin/gcc -D_GNU_SOURCE=1   -o CMakeFiles/cmTC_5eff5.dir/CheckSymbolExists.c.o -c /home/alexander/Science/libgrpp/libgrpp/gsl/CMakeFiles/CMakeTmp/CheckSymbolExists.c
Linking C executable cmTC_5eff5
/usr/bin/cmake -E cmake_link_script CMakeFiles/cmTC_5eff5.dir/link.txt --verbose=1
/usr/bin/gcc CMakeFiles/cmTC_5eff5.dir/CheckSymbolExists.c.o -o cmTC_5eff5  -lm 
make[1]: Leaving directory '/home/alexander/Science/libgrpp/libgrpp/gsl/CMakeFiles/CMakeTmp'


File /home/alexander/Science/libgrpp/libgrpp/gsl/CMakeFiles/CMakeTmp/CheckSymbolExists.c:
/* */
#include <fenv.h>

int main(int argc, char** argv)
{
  (void)argv;
#ifndef feenableexcept
  return ((int*)(&feenableexcept))[argc];
#else
  (void)argc;
  return 0;
#endif
}
Determining if the hypot exist passed with the following output:
Change Dir: /home/alexander/Science/libgrpp/libgrpp/gsl/CMakeFiles/CMakeTmp

Run Build Command(s):/usr/bin/make -f Makefile cmTC_9f789/fast && /usr/bin/make  -f CMakeFiles/cmTC_9f789.dir/build.make CMakeFiles/cmTC_9f789.dir/build
make[1]: Entering directory '/home/alexander/Science/libgrpp/libgrpp/gsl/CMakeFiles/CMakeTmp'
Building C object CMakeFiles/cmTC_9f789.dir/CheckSymbolExists.c.o
/usr/bin/gcc    -o CMakeFiles/cmTC_9f789.dir/CheckSymbolExists.c.o -c /home/alexander/Science/libgrpp/libgrpp/gsl/CMakeFiles/CMakeTmp/CheckSymbolExists.c
Linking C executable cmTC_9f789
/usr/bin/cmake -E cmake_link_script CMakeFiles/cmTC_9f789.dir/link.txt --verbose=1
/usr/bin/gcc CMakeFiles/cmTC_9f789.dir/CheckSymbolExists.c.o -o cmTC_9f789  -lm 
make[1]: Leaving directory '/home/alexander/Science/libgrpp/libgrpp/gsl/CMakeFiles/CMakeTmp'


File /home/alexander/Science/libgrpp/libgrpp/gsl/CMakeFiles/CMakeTmp/CheckSymbolExists.c:
/* */
#include <math.h>

int main(int argc, char** argv)
{
  (void)argv;
#ifndef hypot
  return ((int*)(&hypot))[argc];
#else
  (void)argc;
  return 0;
#endif
}
Determining if the expm1 exist passed with the following output:
Change Dir: /home/alexander/Science/libgrpp/libgrpp/gsl/CMakeFiles/CMakeTmp

Run Build Command(s):/usr/bin/make -f Makefile cmTC_d6b23/fast && /usr/bin/make  -f CMakeFiles/cmTC_d6b23.dir/build.make CMakeFiles/cmTC_d6b23.dir/build
make[1]: Entering directory '/home/alexander/Science/libgrpp/libgrpp/gsl/CMakeFiles/CMakeTmp'
Building C object CMakeFiles/cmTC_d6b23.dir/CheckSymbolExists.c.o
/usr/bin/gcc    -o CMakeFiles/cmTC_d6b23.dir/CheckSymbolExists.c.o -c /home/alexander/Science/libgrpp/libgrpp/gsl/CMakeFiles/CMakeTmp/CheckSymbolExists.c
Linking C executable cmTC_d6b23
/usr/bin/cmake -E cmake_link_script CMakeFiles/cmTC_d6b23.dir/link.txt --verbose=1
/usr/bin/gcc CMakeFiles/cmTC_d6b23.dir/CheckSymbolExists.c.o -o cmTC_d6b23  -lm 
make[1]: Leaving directory '/home/alexander/Science/libgrpp/libgrpp/gsl/CMakeFiles/CMakeTmp'


File /home/alexander/Science/libgrpp/libgrpp/gsl/CMakeFiles/CMakeTmp/CheckSymbolExists.c:
/* */
#include <math.h>

int main(int argc, char** argv)
{
  (void)argv;
#ifndef expm1
  return ((int*)(&expm1))[argc];
#else
  (void)argc;
  return 0;
#endif
}
Determining if the acosh exist passed with the following output:
Change Dir: /home/alexander/Science/libgrpp/libgrpp/gsl/CMakeFiles/CMakeTmp

Run Build Command(s):/usr/bin/make -f Makefile cmTC_c562b/fast && /usr/bin/make  -f CMakeFiles/cmTC_c562b.dir/build.make CMakeFiles/cmTC_c562b.dir/build
make[1]: Entering directory '/home/alexander/Science/libgrpp/libgrpp/gsl/CMakeFiles/CMakeTmp'
Building C object CMakeFiles/cmTC_c562b.dir/CheckSymbolExists.c.o
/usr/bin/gcc    -o CMakeFiles/cmTC_c562b.dir/CheckSymbolExists.c.o -c /home/alexander/Science/libgrpp/libgrpp/gsl/CMakeFiles/CMakeTmp/CheckSymbolExists.c
Linking C executable cmTC_c562b
/usr/bin/cmake -E cmake_link_script CMakeFiles/cmTC_c562b.dir/link.txt --verbose=1
/usr/bin/gcc CMakeFiles/cmTC_c562b.dir/CheckSymbolExists.c.o -o cmTC_c562b  -lm 
make[1]: Leaving directory '/home/alexander/Science/libgrpp/libgrpp/gsl/CMakeFiles/CMakeTmp'


File /home/alexander/Science/libgrpp/libgrpp/gsl/CMakeFiles/CMakeTmp/CheckSymbolExists.c:
/* */
#include <math.h>

int main(int argc, char** argv)
{
  (void)argv;
#ifndef acosh
  return ((int*)(&acosh))[argc];
#else
  (void)argc;
  return 0;
#endif
}
Determining if the asinh exist passed with the following output:
Change Dir: /home/alexander/Science/libgrpp/libgrpp/gsl/CMakeFiles/CMakeTmp

Run Build Command(s):/usr/bin/make -f Makefile cmTC_604da/fast && /usr/bin/make  -f CMakeFiles/cmTC_604da.dir/build.make CMakeFiles/cmTC_604da.dir/build
make[1]: Entering directory '/home/alexander/Science/libgrpp/libgrpp/gsl/CMakeFiles/CMakeTmp'
Building C object CMakeFiles/cmTC_604da.dir/CheckSymbolExists.c.o
/usr/bin/gcc    -o CMakeFiles/cmTC_604da.dir/CheckSymbolExists.c.o -c /home/alexander/Science/libgrpp/libgrpp/gsl/CMakeFiles/CMakeTmp/CheckSymbolExists.c
Linking C executable cmTC_604da
/usr/bin/cmake -E cmake_link_script CMakeFiles/cmTC_604da.dir/link.txt --verbose=1
/usr/bin/gcc CMakeFiles/cmTC_604da.dir/CheckSymbolExists.c.o -o cmTC_604da  -lm 
make[1]: Leaving directory '/home/alexander/Science/libgrpp/libgrpp/gsl/CMakeFiles/CMakeTmp'


File /home/alexander/Science/libgrpp/libgrpp/gsl/CMakeFiles/CMakeTmp/CheckSymbolExists.c:
/* */
#include <math.h>

int main(int argc, char** argv)
{
  (void)argv;
#ifndef asinh
  return ((int*)(&asinh))[argc];
#else
  (void)argc;
  return 0;
#endif
}
Determining if the atanh exist passed with the following output:
Change Dir: /home/alexander/Science/libgrpp/libgrpp/gsl/CMakeFiles/CMakeTmp

Run Build Command(s):/usr/bin/make -f Makefile cmTC_79449/fast && /usr/bin/make  -f CMakeFiles/cmTC_79449.dir/build.make CMakeFiles/cmTC_79449.dir/build
make[1]: Entering directory '/home/alexander/Science/libgrpp/libgrpp/gsl/CMakeFiles/CMakeTmp'
Building C object CMakeFiles/cmTC_79449.dir/CheckSymbolExists.c.o
/usr/bin/gcc    -o CMakeFiles/cmTC_79449.dir/CheckSymbolExists.c.o -c /home/alexander/Science/libgrpp/libgrpp/gsl/CMakeFiles/CMakeTmp/CheckSymbolExists.c
Linking C executable cmTC_79449
/usr/bin/cmake -E cmake_link_script CMakeFiles/cmTC_79449.dir/link.txt --verbose=1
/usr/bin/gcc CMakeFiles/cmTC_79449.dir/CheckSymbolExists.c.o -o cmTC_79449  -lm 
make[1]: Leaving directory '/home/alexander/Science/libgrpp/libgrpp/gsl/CMakeFiles/CMakeTmp'


File /home/alexander/Science/libgrpp/libgrpp/gsl/CMakeFiles/CMakeTmp/CheckSymbolExists.c:
/* */
#include <math.h>

int main(int argc, char** argv)
{
  (void)argv;
#ifndef atanh
  return ((int*)(&atanh))[argc];
#else
  (void)argc;
  return 0;
#endif
}
Determining if the ldexp exist passed with the following output:
Change Dir: /home/alexander/Science/libgrpp/libgrpp/gsl/CMakeFiles/CMakeTmp

Run Build Command(s):/usr/bin/make -f Makefile cmTC_75a9e/fast && /usr/bin/make  -f CMakeFiles/cmTC_75a9e.dir/build.make CMakeFiles/cmTC_75a9e.dir/build
make[1]: Entering directory '/home/alexander/Science/libgrpp/libgrpp/gsl/CMakeFiles/CMakeTmp'
Building C object CMakeFiles/cmTC_75a9e.dir/CheckSymbolExists.c.o
/usr/bin/gcc    -o CMakeFiles/cmTC_75a9e.dir/CheckSymbolExists.c.o -c /home/alexander/Science/libgrpp/libgrpp/gsl/CMakeFiles/CMakeTmp/CheckSymbolExists.c
Linking C executable cmTC_75a9e
/usr/bin/cmake -E cmake_link_script CMakeFiles/cmTC_75a9e.dir/link.txt --verbose=1
/usr/bin/gcc CMakeFiles/cmTC_75a9e.dir/CheckSymbolExists.c.o -o cmTC_75a9e  -lm 
make[1]: Leaving directory '/home/alexander/Science/libgrpp/libgrpp/gsl/CMakeFiles/CMakeTmp'


File /home/alexander/Science/libgrpp/libgrpp/gsl/CMakeFiles/CMakeTmp/CheckSymbolExists.c:
/* */
#include <math.h>

int main(int argc, char** argv)
{
  (void)argv;
#ifndef ldexp
  return ((int*)(&ldexp))[argc];
#else
  (void)argc;
  return 0;
#endif
}
Determining if the frexp exist passed with the following output:
Change Dir: /home/alexander/Science/libgrpp/libgrpp/gsl/CMakeFiles/CMakeTmp

Run Build Command(s):/usr/bin/make -f Makefile cmTC_2bd24/fast && /usr/bin/make  -f CMakeFiles/cmTC_2bd24.dir/build.make CMakeFiles/cmTC_2bd24.dir/build
make[1]: Entering directory '/home/alexander/Science/libgrpp/libgrpp/gsl/CMakeFiles/CMakeTmp'
Building C object CMakeFiles/cmTC_2bd24.dir/CheckSymbolExists.c.o
/usr/bin/gcc    -o CMakeFiles/cmTC_2bd24.dir/CheckSymbolExists.c.o -c /home/alexander/Science/libgrpp/libgrpp/gsl/CMakeFiles/CMakeTmp/CheckSymbolExists.c
Linking C executable cmTC_2bd24
/usr/bin/cmake -E cmake_link_script CMakeFiles/cmTC_2bd24.dir/link.txt --verbose=1
/usr/bin/gcc CMakeFiles/cmTC_2bd24.dir/CheckSymbolExists.c.o -o cmTC_2bd24  -lm 
make[1]: Leaving directory '/home/alexander/Science/libgrpp/libgrpp/gsl/CMakeFiles/CMakeTmp'


File /home/alexander/Science/libgrpp/libgrpp/gsl/CMakeFiles/CMakeTmp/CheckSymbolExists.c:
/* */
#include <math.h>

int main(int argc, char** argv)
{
  (void)argv;
#ifndef frexp
  return ((int*)(&frexp))[argc];
#else
  (void)argc;
  return 0;
#endif
}
Determining if the isinf exist passed with the following output:
Change Dir: /home/alexander/Science/libgrpp/libgrpp/gsl/CMakeFiles/CMakeTmp

Run Build Command(s):/usr/bin/make -f Makefile cmTC_ee571/fast && /usr/bin/make  -f CMakeFiles/cmTC_ee571.dir/build.make CMakeFiles/cmTC_ee571.dir/build
make[1]: Entering directory '/home/alexander/Science/libgrpp/libgrpp/gsl/CMakeFiles/CMakeTmp'
Building C object CMakeFiles/cmTC_ee571.dir/CheckSymbolExists.c.o
/usr/bin/gcc    -o CMakeFiles/cmTC_ee571.dir/CheckSymbolExists.c.o -c /home/alexander/Science/libgrpp/libgrpp/gsl/CMakeFiles/CMakeTmp/CheckSymbolExists.c
Linking C executable cmTC_ee571
/usr/bin/cmake -E cmake_link_script CMakeFiles/cmTC_ee571.dir/link.txt --verbose=1
/usr/bin/gcc CMakeFiles/cmTC_ee571.dir/CheckSymbolExists.c.o -o cmTC_ee571  -lm 
make[1]: Leaving directory '/home/alexander/Science/libgrpp/libgrpp/gsl/CMakeFiles/CMakeTmp'


File /home/alexander/Science/libgrpp/libgrpp/gsl/CMakeFiles/CMakeTmp/CheckSymbolExists.c:
/* */
#include <math.h>

int main(int argc, char** argv)
{
  (void)argv;
#ifndef isinf
  return ((int*)(&isinf))[argc];
#else
  (void)argc;
  return 0;
#endif
}
Determining if the isfinite exist passed with the following output:
Change Dir: /home/alexander/Science/libgrpp/libgrpp/gsl/CMakeFiles/CMakeTmp

Run Build Command(s):/usr/bin/make -f Makefile cmTC_41057/fast && /usr/bin/make  -f CMakeFiles/cmTC_41057.dir/build.make CMakeFiles/cmTC_41057.dir/build
make[1]: Entering directory '/home/alexander/Science/libgrpp/libgrpp/gsl/CMakeFiles/CMakeTmp'
Building C object CMakeFiles/cmTC_41057.dir/CheckSymbolExists.c.o
/usr/bin/gcc    -o CMakeFiles/cmTC_41057.dir/CheckSymbolExists.c.o -c /home/alexander/Science/libgrpp/libgrpp/gsl/CMakeFiles/CMakeTmp/CheckSymbolExists.c
Linking C executable cmTC_41057
/usr/bin/cmake -E cmake_link_script CMakeFiles/cmTC_41057.dir/link.txt --verbose=1
/usr/bin/gcc CMakeFiles/cmTC_41057.dir/CheckSymbolExists.c.o -o cmTC_41057  -lm 
make[1]: Leaving directory '/home/alexander/Science/libgrpp/libgrpp/gsl/CMakeFiles/CMakeTmp'


File /home/alexander/Science/libgrpp/libgrpp/gsl/CMakeFiles/CMakeTmp/CheckSymbolExists.c:
/* */
#include <math.h>

int main(int argc, char** argv)
{
  (void)argv;
#ifndef isfinite
  return ((int*)(&isfinite))[argc];
#else
  (void)argc;
  return 0;
#endif
}
Determining if the finite exist passed with the following output:
Change Dir: /home/alexander/Science/libgrpp/libgrpp/gsl/CMakeFiles/CMakeTmp

Run Build Command(s):/usr/bin/make -f Makefile cmTC_e4bba/fast && /usr/bin/make  -f CMakeFiles/cmTC_e4bba.dir/build.make CMakeFiles/cmTC_e4bba.dir/build
make[1]: Entering directory '/home/alexander/Science/libgrpp/libgrpp/gsl/CMakeFiles/CMakeTmp'
Building C object CMakeFiles/cmTC_e4bba.dir/CheckSymbolExists.c.o
/usr/bin/gcc    -o CMakeFiles/cmTC_e4bba.dir/CheckSymbolExists.c.o -c /home/alexander/Science/libgrpp/libgrpp/gsl/CMakeFiles/CMakeTmp/CheckSymbolExists.c
Linking C executable cmTC_e4bba
/usr/bin/cmake -E cmake_link_script CMakeFiles/cmTC_e4bba.dir/link.txt --verbose=1
/usr/bin/gcc CMakeFiles/cmTC_e4bba.dir/CheckSymbolExists.c.o -o cmTC_e4bba  -lm 
make[1]: Leaving directory '/home/alexander/Science/libgrpp/libgrpp/gsl/CMakeFiles/CMakeTmp'


File /home/alexander/Science/libgrpp/libgrpp/gsl/CMakeFiles/CMakeTmp/CheckSymbolExists.c:
/* */
#include <math.h>

int main(int argc, char** argv)
{
  (void)argv;
#ifndef finite
  return ((int*)(&finite))[argc];
#else
  (void)argc;
  return 0;
#endif
}
Determining if the isnan exist passed with the following output:
Change Dir: /home/alexander/Science/libgrpp/libgrpp/gsl/CMakeFiles/CMakeTmp

Run Build Command(s):/usr/bin/make -f Makefile cmTC_61a34/fast && /usr/bin/make  -f CMakeFiles/cmTC_61a34.dir/build.make CMakeFiles/cmTC_61a34.dir/build
make[1]: Entering directory '/home/alexander/Science/libgrpp/libgrpp/gsl/CMakeFiles/CMakeTmp'
Building C object CMakeFiles/cmTC_61a34.dir/CheckSymbolExists.c.o
/usr/bin/gcc    -o CMakeFiles/cmTC_61a34.dir/CheckSymbolExists.c.o -c /home/alexander/Science/libgrpp/libgrpp/gsl/CMakeFiles/CMakeTmp/CheckSymbolExists.c
Linking C executable cmTC_61a34
/usr/bin/cmake -E cmake_link_script CMakeFiles/cmTC_61a34.dir/link.txt --verbose=1
/usr/bin/gcc CMakeFiles/cmTC_61a34.dir/CheckSymbolExists.c.o -o cmTC_61a34  -lm 
make[1]: Leaving directory '/home/alexander/Science/libgrpp/libgrpp/gsl/CMakeFiles/CMakeTmp'


File /home/alexander/Science/libgrpp/libgrpp/gsl/CMakeFiles/CMakeTmp/CheckSymbolExists.c:
/* */
#include <math.h>

int main(int argc, char** argv)
{
  (void)argv;
#ifndef isnan
  return ((int*)(&isnan))[argc];
#else
  (void)argc;
  return 0;
#endif
}
Determining if the log1p exist passed with the following output:
Change Dir: /home/alexander/Science/libgrpp/libgrpp/gsl/CMakeFiles/CMakeTmp

Run Build Command(s):/usr/bin/make -f Makefile cmTC_6cc24/fast && /usr/bin/make  -f CMakeFiles/cmTC_6cc24.dir/build.make CMakeFiles/cmTC_6cc24.dir/build
make[1]: Entering directory '/home/alexander/Science/libgrpp/libgrpp/gsl/CMakeFiles/CMakeTmp'
Building C object CMakeFiles/cmTC_6cc24.dir/CheckSymbolExists.c.o
/usr/bin/gcc    -o CMakeFiles/cmTC_6cc24.dir/CheckSymbolExists.c.o -c /home/alexander/Science/libgrpp/libgrpp/gsl/CMakeFiles/CMakeTmp/CheckSymbolExists.c
Linking C executable cmTC_6cc24
/usr/bin/cmake -E cmake_link_script CMakeFiles/cmTC_6cc24.dir/link.txt --verbose=1
/usr/bin/gcc CMakeFiles/cmTC_6cc24.dir/CheckSymbolExists.c.o -o cmTC_6cc24  -lm 
make[1]: Leaving directory '/home/alexander/Science/libgrpp/libgrpp/gsl/CMakeFiles/CMakeTmp'


File /home/alexander/Science/libgrpp/libgrpp/gsl/CMakeFiles/CMakeTmp/CheckSymbolExists.c:
/* */
#include <math.h>

int main(int argc, char** argv)
{
  (void)argv;
#ifndef log1p
  return ((int*)(&log1p))[argc];
#else
  (void)argc;
  return 0;
#endif
}
Determining if the memcpy exist passed with the following output:
Change Dir: /home/alexander/Science/libgrpp/libgrpp/gsl/CMakeFiles/CMakeTmp

Run Build Command(s):/usr/bin/make -f Makefile cmTC_c6e89/fast && /usr/bin/make  -f CMakeFiles/cmTC_c6e89.dir/build.make CMakeFiles/cmTC_c6e89.dir/build
make[1]: Entering directory '/home/alexander/Science/libgrpp/libgrpp/gsl/CMakeFiles/CMakeTmp'
Building C object CMakeFiles/cmTC_c6e89.dir/CheckSymbolExists.c.o
/usr/bin/gcc    -o CMakeFiles/cmTC_c6e89.dir/CheckSymbolExists.c.o -c /home/alexander/Science/libgrpp/libgrpp/gsl/CMakeFiles/CMakeTmp/CheckSymbolExists.c
Linking C executable cmTC_c6e89
/usr/bin/cmake -E cmake_link_script CMakeFiles/cmTC_c6e89.dir/link.txt --verbose=1
/usr/bin/gcc CMakeFiles/cmTC_c6e89.dir/CheckSymbolExists.c.o -o cmTC_c6e89  -lm 
make[1]: Leaving directory '/home/alexander/Science/libgrpp/libgrpp/gsl/CMakeFiles/CMakeTmp'


File /home/alexander/Science/libgrpp/libgrpp/gsl/CMakeFiles/CMakeTmp/CheckSymbolExists.c:
/* */
#include <string.h>

int main(int argc, char** argv)
{
  (void)argv;
#ifndef memcpy
  return ((int*)(&memcpy))[argc];
#else
  (void)argc;
  return 0;
#endif
}
Determining if the memmove exist passed with the following output:
Change Dir: /home/alexander/Science/libgrpp/libgrpp/gsl/CMakeFiles/CMakeTmp

Run Build Command(s):/usr/bin/make -f Makefile cmTC_c8f63/fast && /usr/bin/make  -f CMakeFiles/cmTC_c8f63.dir/build.make CMakeFiles/cmTC_c8f63.dir/build
make[1]: Entering directory '/home/alexander/Science/libgrpp/libgrpp/gsl/CMakeFiles/CMakeTmp'
Building C object CMakeFiles/cmTC_c8f63.dir/CheckSymbolExists.c.o
/usr/bin/gcc    -o CMakeFiles/cmTC_c8f63.dir/CheckSymbolExists.c.o -c /home/alexander/Science/libgrpp/libgrpp/gsl/CMakeFiles/CMakeTmp/CheckSymbolExists.c
Linking C executable cmTC_c8f63
/usr/bin/cmake -E cmake_link_script CMakeFiles/cmTC_c8f63.dir/link.txt --verbose=1
/usr/bin/gcc CMakeFiles/cmTC_c8f63.dir/CheckSymbolExists.c.o -o cmTC_c8f63  -lm 
make[1]: Leaving directory '/home/alexander/Science/libgrpp/libgrpp/gsl/CMakeFiles/CMakeTmp'


File /home/alexander/Science/libgrpp/libgrpp/gsl/CMakeFiles/CMakeTmp/CheckSymbolExists.c:
/* */
#include <string.h>

int main(int argc, char** argv)
{
  (void)argv;
#ifndef memmove
  return ((int*)(&memmove))[argc];
#else
  (void)argc;
  return 0;
#endif
}
Determining if the strdup exist passed with the following output:
Change Dir: /home/alexander/Science/libgrpp/libgrpp/gsl/CMakeFiles/CMakeTmp

Run Build Command(s):/usr/bin/make -f Makefile cmTC_79739/fast && /usr/bin/make  -f CMakeFiles/cmTC_79739.dir/build.make CMakeFiles/cmTC_79739.dir/build
make[1]: Entering directory '/home/alexander/Science/libgrpp/libgrpp/gsl/CMakeFiles/CMakeTmp'
Building C object CMakeFiles/cmTC_79739.dir/CheckSymbolExists.c.o
/usr/bin/gcc    -o CMakeFiles/cmTC_79739.dir/CheckSymbolExists.c.o -c /home/alexander/Science/libgrpp/libgrpp/gsl/CMakeFiles/CMakeTmp/CheckSymbolExists.c
Linking C executable cmTC_79739
/usr/bin/cmake -E cmake_link_script CMakeFiles/cmTC_79739.dir/link.txt --verbose=1
/usr/bin/gcc CMakeFiles/cmTC_79739.dir/CheckSymbolExists.c.o -o cmTC_79739  -lm 
make[1]: Leaving directory '/home/alexander/Science/libgrpp/libgrpp/gsl/CMakeFiles/CMakeTmp'


File /home/alexander/Science/libgrpp/libgrpp/gsl/CMakeFiles/CMakeTmp/CheckSymbolExists.c:
/* */
#include <string.h>

int main(int argc, char** argv)
{
  (void)argv;
#ifndef strdup
  return ((int*)(&strdup))[argc];
#else
  (void)argc;
  return 0;
#endif
}
Determining if the strtol exist passed with the following output:
Change Dir: /home/alexander/Science/libgrpp/libgrpp/gsl/CMakeFiles/CMakeTmp

Run Build Command(s):/usr/bin/make -f Makefile cmTC_da92e/fast && /usr/bin/make  -f CMakeFiles/cmTC_da92e.dir/build.make CMakeFiles/cmTC_da92e.dir/build
make[1]: Entering directory '/home/alexander/Science/libgrpp/libgrpp/gsl/CMakeFiles/CMakeTmp'
Building C object CMakeFiles/cmTC_da92e.dir/CheckSymbolExists.c.o
/usr/bin/gcc    -o CMakeFiles/cmTC_da92e.dir/CheckSymbolExists.c.o -c /home/alexander/Science/libgrpp/libgrpp/gsl/CMakeFiles/CMakeTmp/CheckSymbolExists.c
Linking C executable cmTC_da92e
/usr/bin/cmake -E cmake_link_script CMakeFiles/cmTC_da92e.dir/link.txt --verbose=1
/usr/bin/gcc CMakeFiles/cmTC_da92e.dir/CheckSymbolExists.c.o -o cmTC_da92e  -lm 
make[1]: Leaving directory '/home/alexander/Science/libgrpp/libgrpp/gsl/CMakeFiles/CMakeTmp'


File /home/alexander/Science/libgrpp/libgrpp/gsl/CMakeFiles/CMakeTmp/CheckSymbolExists.c:
/* */
#include <stdlib.h>

int main(int argc, char** argv)
{
  (void)argv;
#ifndef strtol
  return ((int*)(&strtol))[argc];
#else
  (void)argc;
  return 0;
#endif
}
Determining if the strtoul exist passed with the following output:
Change Dir: /home/alexander/Science/libgrpp/libgrpp/gsl/CMakeFiles/CMakeTmp

Run Build Command(s):/usr/bin/make -f Makefile cmTC_c0a48/fast && /usr/bin/make  -f CMakeFiles/cmTC_c0a48.dir/build.make CMakeFiles/cmTC_c0a48.dir/build
make[1]: Entering directory '/home/alexander/Science/libgrpp/libgrpp/gsl/CMakeFiles/CMakeTmp'
Building C object CMakeFiles/cmTC_c0a48.dir/CheckSymbolExists.c.o
/usr/bin/gcc    -o CMakeFiles/cmTC_c0a48.dir/CheckSymbolExists.c.o -c /home/alexander/Science/libgrpp/libgrpp/gsl/CMakeFiles/CMakeTmp/CheckSymbolExists.c
Linking C executable cmTC_c0a48
/usr/bin/cmake -E cmake_link_script CMakeFiles/cmTC_c0a48.dir/link.txt --verbose=1
/usr/bin/gcc CMakeFiles/cmTC_c0a48.dir/CheckSymbolExists.c.o -o cmTC_c0a48  -lm 
make[1]: Leaving directory '/home/alexander/Science/libgrpp/libgrpp/gsl/CMakeFiles/CMakeTmp'


File /home/alexander/Science/libgrpp/libgrpp/gsl/CMakeFiles/CMakeTmp/CheckSymbolExists.c:
/* */
#include <stdlib.h>

int main(int argc, char** argv)
{
  (void)argv;
#ifndef strtoul
  return ((int*)(&strtoul))[argc];
#else
  (void)argc;
  return 0;
#endif
}
Determining if the vprintf exist passed with the following output:
Change Dir: /home/alexander/Science/libgrpp/libgrpp/gsl/CMakeFiles/CMakeTmp

Run Build Command(s):/usr/bin/make -f Makefile cmTC_ceb0e/fast && /usr/bin/make  -f CMakeFiles/cmTC_ceb0e.dir/build.make CMakeFiles/cmTC_ceb0e.dir/build
make[1]: Entering directory '/home/alexander/Science/libgrpp/libgrpp/gsl/CMakeFiles/CMakeTmp'
Building C object CMakeFiles/cmTC_ceb0e.dir/CheckSymbolExists.c.o
/usr/bin/gcc    -o CMakeFiles/cmTC_ceb0e.dir/CheckSymbolExists.c.o -c /home/alexander/Science/libgrpp/libgrpp/gsl/CMakeFiles/CMakeTmp/CheckSymbolExists.c
Linking C executable cmTC_ceb0e
/usr/bin/cmake -E cmake_link_script CMakeFiles/cmTC_ceb0e.dir/link.txt --verbose=1
/usr/bin/gcc CMakeFiles/cmTC_ceb0e.dir/CheckSymbolExists.c.o -o cmTC_ceb0e  -lm 
make[1]: Leaving directory '/home/alexander/Science/libgrpp/libgrpp/gsl/CMakeFiles/CMakeTmp'


File /home/alexander/Science/libgrpp/libgrpp/gsl/CMakeFiles/CMakeTmp/CheckSymbolExists.c:
/* */
#include <stdio.h>

int main(int argc, char** argv)
{
  (void)argv;
#ifndef vprintf
  return ((int*)(&vprintf))[argc];
#else
  (void)argc;
  return 0;
#endif
}
