Performing C SOURCE FILE Test C_EXTERN_INLINE failed with the following output:
Change Dir: /home/alexander/Science/libgrpp/libgrpp/gsl/CMakeFiles/CMakeTmp

Run Build Command(s):/usr/bin/make -f Makefile cmTC_335c1/fast && /usr/bin/make  -f CMakeFiles/cmTC_335c1.dir/build.make CMakeFiles/cmTC_335c1.dir/build
make[1]: Entering directory '/home/alexander/Science/libgrpp/libgrpp/gsl/CMakeFiles/CMakeTmp'
Building C object CMakeFiles/cmTC_335c1.dir/src.c.o
/usr/bin/gcc -DC_EXTERN_INLINE   -o CMakeFiles/cmTC_335c1.dir/src.c.o -c /home/alexander/Science/libgrpp/libgrpp/gsl/CMakeFiles/CMakeTmp/src.c
/home/alexander/Science/libgrpp/libgrpp/gsl/CMakeFiles/CMakeTmp/src.c:4:12: error: redefinition of ‘foo’
    4 |     double foo(double x) { return x + 1.0; }
      |            ^~~
/home/alexander/Science/libgrpp/libgrpp/gsl/CMakeFiles/CMakeTmp/src.c:3:26: note: previous definition of ‘foo’ with type ‘double(double)’
    3 |     extern inline double foo(double x) { return x + 1.0; }
      |                          ^~~
make[1]: *** [CMakeFiles/cmTC_335c1.dir/build.make:78: CMakeFiles/cmTC_335c1.dir/src.c.o] Error 1
make[1]: Leaving directory '/home/alexander/Science/libgrpp/libgrpp/gsl/CMakeFiles/CMakeTmp'
make: *** [Makefile:127: cmTC_335c1/fast] Error 2


Source file was:

    extern inline double foo(double x);
    extern inline double foo(double x) { return x + 1.0; }
    double foo(double x) { return x + 1.0; }
    int main() { foo(1.0); }
Determining if files ieeefp.h exist failed with the following output:
Change Dir: /home/alexander/Science/libgrpp/libgrpp/gsl/CMakeFiles/CMakeTmp

Run Build Command(s):/usr/bin/make -f Makefile cmTC_49c03/fast && /usr/bin/make  -f CMakeFiles/cmTC_49c03.dir/build.make CMakeFiles/cmTC_49c03.dir/build
make[1]: Entering directory '/home/alexander/Science/libgrpp/libgrpp/gsl/CMakeFiles/CMakeTmp'
Building C object CMakeFiles/cmTC_49c03.dir/HAVE_IEEEFP_H.c.o
/usr/bin/gcc    -o CMakeFiles/cmTC_49c03.dir/HAVE_IEEEFP_H.c.o -c /home/alexander/Science/libgrpp/libgrpp/gsl/CMakeFiles/CheckIncludeFiles/HAVE_IEEEFP_H.c
/home/alexander/Science/libgrpp/libgrpp/gsl/CMakeFiles/CheckIncludeFiles/HAVE_IEEEFP_H.c:2:10: fatal error: ieeefp.h: No such file or directory
    2 | #include <ieeefp.h>
      |          ^~~~~~~~~~
compilation terminated.
make[1]: *** [CMakeFiles/cmTC_49c03.dir/build.make:78: CMakeFiles/cmTC_49c03.dir/HAVE_IEEEFP_H.c.o] Error 1
make[1]: Leaving directory '/home/alexander/Science/libgrpp/libgrpp/gsl/CMakeFiles/CMakeTmp'
make: *** [Makefile:127: cmTC_49c03/fast] Error 2


Source:
/* */
#include <ieeefp.h>


int main(void){return 0;}

Determining if the fesettrapenable exist failed with the following output:
Change Dir: /home/alexander/Science/libgrpp/libgrpp/gsl/CMakeFiles/CMakeTmp

Run Build Command(s):/usr/bin/make -f Makefile cmTC_b119b/fast && /usr/bin/make  -f CMakeFiles/cmTC_b119b.dir/build.make CMakeFiles/cmTC_b119b.dir/build
make[1]: Entering directory '/home/alexander/Science/libgrpp/libgrpp/gsl/CMakeFiles/CMakeTmp'
Building C object CMakeFiles/cmTC_b119b.dir/CheckSymbolExists.c.o
/usr/bin/gcc -D_GNU_SOURCE=1   -o CMakeFiles/cmTC_b119b.dir/CheckSymbolExists.c.o -c /home/alexander/Science/libgrpp/libgrpp/gsl/CMakeFiles/CMakeTmp/CheckSymbolExists.c
/home/alexander/Science/libgrpp/libgrpp/gsl/CMakeFiles/CMakeTmp/CheckSymbolExists.c: In function ‘main’:
/home/alexander/Science/libgrpp/libgrpp/gsl/CMakeFiles/CMakeTmp/CheckSymbolExists.c:8:19: error: ‘fesettrapenable’ undeclared (first use in this function)
    8 |   return ((int*)(&fesettrapenable))[argc];
      |                   ^~~~~~~~~~~~~~~
/home/alexander/Science/libgrpp/libgrpp/gsl/CMakeFiles/CMakeTmp/CheckSymbolExists.c:8:19: note: each undeclared identifier is reported only once for each function it appears in
make[1]: *** [CMakeFiles/cmTC_b119b.dir/build.make:78: CMakeFiles/cmTC_b119b.dir/CheckSymbolExists.c.o] Error 1
make[1]: Leaving directory '/home/alexander/Science/libgrpp/libgrpp/gsl/CMakeFiles/CMakeTmp'
make: *** [Makefile:127: cmTC_b119b/fast] Error 2


File /home/alexander/Science/libgrpp/libgrpp/gsl/CMakeFiles/CMakeTmp/CheckSymbolExists.c:
/* */
#include <fenv.h>

int main(int argc, char** argv)
{
  (void)argv;
#ifndef fesettrapenable
  return ((int*)(&fesettrapenable))[argc];
#else
  (void)argc;
  return 0;
#endif
}
Determining if the fprnd_t exist failed with the following output:
Change Dir: /home/alexander/Science/libgrpp/libgrpp/gsl/CMakeFiles/CMakeTmp

Run Build Command(s):/usr/bin/make -f Makefile cmTC_de43e/fast && /usr/bin/make  -f CMakeFiles/cmTC_de43e.dir/build.make CMakeFiles/cmTC_de43e.dir/build
make[1]: Entering directory '/home/alexander/Science/libgrpp/libgrpp/gsl/CMakeFiles/CMakeTmp'
Building C object CMakeFiles/cmTC_de43e.dir/CheckSymbolExists.c.o
/usr/bin/gcc    -o CMakeFiles/cmTC_de43e.dir/CheckSymbolExists.c.o -c /home/alexander/Science/libgrpp/libgrpp/gsl/CMakeFiles/CMakeTmp/CheckSymbolExists.c
/home/alexander/Science/libgrpp/libgrpp/gsl/CMakeFiles/CMakeTmp/CheckSymbolExists.c: In function ‘main’:
/home/alexander/Science/libgrpp/libgrpp/gsl/CMakeFiles/CMakeTmp/CheckSymbolExists.c:8:19: error: ‘fprnd_t’ undeclared (first use in this function)
    8 |   return ((int*)(&fprnd_t))[argc];
      |                   ^~~~~~~
/home/alexander/Science/libgrpp/libgrpp/gsl/CMakeFiles/CMakeTmp/CheckSymbolExists.c:8:19: note: each undeclared identifier is reported only once for each function it appears in
make[1]: *** [CMakeFiles/cmTC_de43e.dir/build.make:78: CMakeFiles/cmTC_de43e.dir/CheckSymbolExists.c.o] Error 1
make[1]: Leaving directory '/home/alexander/Science/libgrpp/libgrpp/gsl/CMakeFiles/CMakeTmp'
make: *** [Makefile:127: cmTC_de43e/fast] Error 2


File /home/alexander/Science/libgrpp/libgrpp/gsl/CMakeFiles/CMakeTmp/CheckSymbolExists.c:
/* */
#include <float.h>

int main(int argc, char** argv)
{
  (void)argv;
#ifndef fprnd_t
  return ((int*)(&fprnd_t))[argc];
#else
  (void)argc;
  return 0;
#endif
}
